Using pre-set license
Built from '2020.3/staging' branch; Version is '2020.3.11f1 (99c7afb366b3) revision 10078127'; Using compiler version '192528614'; Build Type 'Release'
OS: 'Windows 10 Home; OS build 19041.630; Version 2004; 64bit' Language: 'ko' Physical Memory: 8106 MB
BatchMode: 1, IsHumanControllingUs: 0, StartBugReporterOnCrash: 0, Is64bit: 1, IsPro: 0

 COMMAND LINE ARGUMENTS:
C:\Program Files\Unity\Hub\Editor\2020.3.11f1\Editor\Unity.exe
-adb2
-batchMode
-noUpm
-name
AssetImportWorker0
-projectPath
C:/Users/Administrator/Desktop/2021MobileContest
-logFile
Logs/AssetImportWorker0.log
-srvPort
54354
Successfully changed project path to: C:/Users/Administrator/Desktop/2021MobileContest
C:/Users/Administrator/Desktop/2021MobileContest
Using Asset Import Pipeline V2.
Refreshing native plugins compatible for Editor in 73.06 ms, found 3 plugins.
Preloading 0 native plugins for Editor in 0.00 ms.
Initialize engine version: 2020.3.11f1 (99c7afb366b3)
[Subsystems] Discovering subsystems at path C:/Program Files/Unity/Hub/Editor/2020.3.11f1/Editor/Data/Resources/UnitySubsystems
[Subsystems] Discovering subsystems at path C:/Users/Administrator/Desktop/2021MobileContest/Assets
GfxDevice: creating device client; threaded=0
Direct3D:
    Version:  Direct3D 11.0 [level 11.1]
    Renderer: Intel(R) HD Graphics 620 (ID=0x5916)
    Vendor:   
    VRAM:     4053 MB
    Driver:   27.20.100.8730
Initialize mono
Mono path[0] = 'C:/Program Files/Unity/Hub/Editor/2020.3.11f1/Editor/Data/Managed'
Mono path[1] = 'C:/Program Files/Unity/Hub/Editor/2020.3.11f1/Editor/Data/MonoBleedingEdge/lib/mono/unityjit'
Mono config path = 'C:/Program Files/Unity/Hub/Editor/2020.3.11f1/Editor/Data/MonoBleedingEdge/etc'
Using monoOptions --debugger-agent=transport=dt_socket,embedding=1,server=y,suspend=n,address=127.0.0.1:56296
Begin MonoManager ReloadAssembly
Registering precompiled unity dll's ...
Register platform support module: C:/Program Files/Unity/Hub/Editor/2020.3.11f1/Editor/Data/PlaybackEngines/WindowsStandaloneSupport/UnityEditor.WindowsStandalone.Extensions.dll
Registered in 0.011728 seconds.
Native extension for WindowsStandalone target not found
Refreshing native plugins compatible for Editor in 105.64 ms, found 3 plugins.
Preloading 0 native plugins for Editor in 0.00 ms.
Mono: successfully reloaded assembly
- Completed reload, in  3.598 seconds
Platform modules already initialized, skipping
Registering precompiled user dll's ...
Registered in 0.014333 seconds.
Begin MonoManager ReloadAssembly
Native extension for WindowsStandalone target not found
Refreshing native plugins compatible for Editor in 124.67 ms, found 3 plugins.
Preloading 0 native plugins for Editor in 0.00 ms.
Mono: successfully reloaded assembly
- Completed reload, in  3.043 seconds
Platform modules already initialized, skipping
========================================================================
Worker process is ready to serve import requests
Launched and connected shader compiler UnityShaderCompiler.exe after 0.10 seconds
Refreshing native plugins compatible for Editor in 0.58 ms, found 3 plugins.
Preloading 0 native plugins for Editor in 0.00 ms.
Unloading 2145 Unused Serialized files (Serialized files now loaded: 0)
System memory in use before: 97.0 MB.
System memory in use after: 97.0 MB.

Unloading 28 unused Assets to reduce memory usage. Loaded Objects now: 2589.
Total: 3.389200 ms (FindLiveObjects: 0.339200 ms CreateObjectMapping: 0.170500 ms MarkObjects: 2.767100 ms  DeleteObjects: 0.110100 ms)

========================================================================
Received Import Request.
  path: Assets/Scenes/Stage1Boss.unity
  artifactKey: Guid(907f0b285ab669e41a7ee5fd8da54ce4) Importer(815301076,1909f56bfc062723c751e8b465ee728b)
Start importing Assets/Scenes/Stage1Boss.unity using Guid(907f0b285ab669e41a7ee5fd8da54ce4) Importer(815301076,1909f56bfc062723c751e8b465ee728b)  -> (artifact id: 'b4fd1e02b73caef50a6fb2f19d88b2a1') in 0.028289 seconds
  Import took 0.033682 seconds .

========================================================================
Received Import Request.
  Time since last request: 0.018172 seconds.
  path: Assets/Scenes/Stage1Boss.unity
  artifactKey: Guid(907f0b285ab669e41a7ee5fd8da54ce4) Importer(815301076,1909f56bfc062723c751e8b465ee728b)
Start importing Assets/Scenes/Stage1Boss.unity using Guid(907f0b285ab669e41a7ee5fd8da54ce4) Importer(815301076,1909f56bfc062723c751e8b465ee728b)  -> (artifact id: 'b4fd1e02b73caef50a6fb2f19d88b2a1') in 0.009568 seconds
  Import took 0.024358 seconds .

========================================================================
Received Prepare
Registering precompiled user dll's ...
Registered in 0.015553 seconds.
Begin MonoManager ReloadAssembly
Native extension for WindowsStandalone target not found
Refreshing native plugins compatible for Editor in 0.61 ms, found 3 plugins.
Preloading 0 native plugins for Editor in 0.00 ms.
Mono: successfully reloaded assembly
- Completed reload, in  1.902 seconds
Platform modules already initialized, skipping
Refreshing native plugins compatible for Editor in 0.61 ms, found 3 plugins.
Preloading 0 native plugins for Editor in 0.00 ms.
Unloading 2121 Unused Serialized files (Serialized files now loaded: 0)
System memory in use before: 95.1 MB.
System memory in use after: 95.2 MB.

Unloading 16 unused Assets to reduce memory usage. Loaded Objects now: 2593.
Total: 3.843400 ms (FindLiveObjects: 0.274200 ms CreateObjectMapping: 0.151300 ms MarkObjects: 3.387900 ms  DeleteObjects: 0.027900 ms)

========================================================================
Received Import Request.
  Time since last request: 42.792088 seconds.
  path: Assets/Scripts/UIManager.cs
  artifactKey: Guid(64f4501163500fc44b161facd0eb1d09) Importer(815301076,1909f56bfc062723c751e8b465ee728b)
Start importing Assets/Scripts/UIManager.cs using Guid(64f4501163500fc44b161facd0eb1d09) Importer(815301076,1909f56bfc062723c751e8b465ee728b)  -> (artifact id: 'afa4617537a92b61c21569c08f1c9c58') in 0.095547 seconds
  Import took 0.104205 seconds .

========================================================================
Received Import Request.
  Time since last request: 3.679086 seconds.
  path: Assets/Scripts/Stage1GameManager.cs
  artifactKey: Guid(c1d8f6471ad3ba949a813a0445bfb88e) Importer(815301076,1909f56bfc062723c751e8b465ee728b)
Start importing Assets/Scripts/Stage1GameManager.cs using Guid(c1d8f6471ad3ba949a813a0445bfb88e) Importer(815301076,1909f56bfc062723c751e8b465ee728b)  -> (artifact id: '33ebf80765429d5e35c644bd333ce0a9') in 0.013677 seconds
  Import took 0.079298 seconds .

========================================================================
Received Prepare
Registering precompiled user dll's ...
Registered in 0.015591 seconds.
Begin MonoManager ReloadAssembly
Native extension for WindowsStandalone target not found
Refreshing native plugins compatible for Editor in 0.64 ms, found 3 plugins.
Preloading 0 native plugins for Editor in 0.00 ms.
Mono: successfully reloaded assembly
- Completed reload, in  3.599 seconds
Platform modules already initialized, skipping
Refreshing native plugins compatible for Editor in 0.60 ms, found 3 plugins.
Preloading 0 native plugins for Editor in 0.00 ms.
Unloading 2121 Unused Serialized files (Serialized files now loaded: 0)
System memory in use before: 95.1 MB.
System memory in use after: 95.2 MB.

Unloading 16 unused Assets to reduce memory usage. Loaded Objects now: 2597.
Total: 3.666300 ms (FindLiveObjects: 0.256600 ms CreateObjectMapping: 0.461600 ms MarkObjects: 2.917000 ms  DeleteObjects: 0.029100 ms)

========================================================================
Received Import Request.
  Time since last request: 13.426563 seconds.
  path: Assets/Scripts/Manager/Stage1Score.cs
  artifactKey: Guid(53d8a46078b9e4742a8e6936fef4b2b9) Importer(815301076,1909f56bfc062723c751e8b465ee728b)
Start importing Assets/Scripts/Manager/Stage1Score.cs using Guid(53d8a46078b9e4742a8e6936fef4b2b9) Importer(815301076,1909f56bfc062723c751e8b465ee728b)  -> (artifact id: '944821233181763866d98b4eb793f086') in 0.011943 seconds
  Import took 0.016410 seconds .

========================================================================
Received Import Request.
  Time since last request: 0.000359 seconds.
  path: Assets/Scripts/Manager
  artifactKey: Guid(0da53357d3ad462478af84e3ee6bed05) Importer(815301076,1909f56bfc062723c751e8b465ee728b)
Start importing Assets/Scripts/Manager using Guid(0da53357d3ad462478af84e3ee6bed05) Importer(815301076,1909f56bfc062723c751e8b465ee728b)  -> (artifact id: '7294b6b718029a8f5a0f50cd2a397666') in 0.007201 seconds
  Import took 0.014431 seconds .

========================================================================
Received Prepare
Registering precompiled user dll's ...
Registered in 0.014397 seconds.
Begin MonoManager ReloadAssembly
Native extension for WindowsStandalone target not found
Refreshing native plugins compatible for Editor in 0.73 ms, found 3 plugins.
Preloading 0 native plugins for Editor in 0.00 ms.
Mono: successfully reloaded assembly
- Completed reload, in  2.449 seconds
Platform modules already initialized, skipping
Refreshing native plugins compatible for Editor in 0.61 ms, found 3 plugins.
Preloading 0 native plugins for Editor in 0.00 ms.
Unloading 2121 Unused Serialized files (Serialized files now loaded: 0)
System memory in use before: 95.1 MB.
System memory in use after: 95.3 MB.

Unloading 16 unused Assets to reduce memory usage. Loaded Objects now: 2601.
Total: 2.927800 ms (FindLiveObjects: 0.257900 ms CreateObjectMapping: 0.121600 ms MarkObjects: 2.519400 ms  DeleteObjects: 0.027500 ms)

========================================================================
Received Prepare
Registering precompiled user dll's ...
Registered in 0.020549 seconds.
Begin MonoManager ReloadAssembly
Native extension for WindowsStandalone target not found
Refreshing native plugins compatible for Editor in 1.16 ms, found 3 plugins.
Preloading 0 native plugins for Editor in 0.00 ms.
Mono: successfully reloaded assembly
- Completed reload, in  2.300 seconds
Platform modules already initialized, skipping
Refreshing native plugins compatible for Editor in 1.07 ms, found 3 plugins.
Preloading 0 native plugins for Editor in 0.00 ms.
Unloading 2121 Unused Serialized files (Serialized files now loaded: 0)
System memory in use before: 95.2 MB.
System memory in use after: 95.3 MB.

Unloading 16 unused Assets to reduce memory usage. Loaded Objects now: 2605.
Total: 3.517400 ms (FindLiveObjects: 0.251100 ms CreateObjectMapping: 0.125600 ms MarkObjects: 3.096900 ms  DeleteObjects: 0.041700 ms)

========================================================================
Received Import Request.
  Time since last request: 67.502987 seconds.
  path: Assets/Scripts/Manager/Stage1Score.cs
  artifactKey: Guid(53d8a46078b9e4742a8e6936fef4b2b9) Importer(815301076,1909f56bfc062723c751e8b465ee728b)
Start importing Assets/Scripts/Manager/Stage1Score.cs using Guid(53d8a46078b9e4742a8e6936fef4b2b9) Importer(815301076,1909f56bfc062723c751e8b465ee728b)  -> (artifact id: '6c729c14bc17dd5c345831389d97d14e') in 0.008474 seconds
  Import took 0.015249 seconds .

========================================================================
Received Import Request.
  Time since last request: 2.308540 seconds.
  path: Assets/Scripts/Manager/Stage1Score.cs
  artifactKey: Guid(53d8a46078b9e4742a8e6936fef4b2b9) Importer(815301076,1909f56bfc062723c751e8b465ee728b)
Start importing Assets/Scripts/Manager/Stage1Score.cs using Guid(53d8a46078b9e4742a8e6936fef4b2b9) Importer(815301076,1909f56bfc062723c751e8b465ee728b)  -> (artifact id: '6c729c14bc17dd5c345831389d97d14e') in 0.010682 seconds
  Import took 0.016478 seconds .

========================================================================
Received Prepare
Registering precompiled user dll's ...
Registered in 0.018491 seconds.
Begin MonoManager ReloadAssembly
Native extension for WindowsStandalone target not found
Refreshing native plugins compatible for Editor in 0.61 ms, found 3 plugins.
Preloading 0 native plugins for Editor in 0.00 ms.
Mono: successfully reloaded assembly
- Completed reload, in  1.965 seconds
Platform modules already initialized, skipping
Refreshing native plugins compatible for Editor in 0.60 ms, found 3 plugins.
Preloading 0 native plugins for Editor in 0.00 ms.
Unloading 2121 Unused Serialized files (Serialized files now loaded: 0)
System memory in use before: 95.2 MB.
System memory in use after: 95.3 MB.

Unloading 16 unused Assets to reduce memory usage. Loaded Objects now: 2609.
Total: 4.428600 ms (FindLiveObjects: 0.293800 ms CreateObjectMapping: 0.197600 ms MarkObjects: 3.908800 ms  DeleteObjects: 0.026100 ms)

========================================================================
Received Prepare
Registering precompiled user dll's ...
Registered in 0.015158 seconds.
Begin MonoManager ReloadAssembly
Native extension for WindowsStandalone target not found
Refreshing native plugins compatible for Editor in 0.62 ms, found 3 plugins.
Preloading 0 native plugins for Editor in 0.00 ms.
Mono: successfully reloaded assembly
- Completed reload, in  1.786 seconds
Platform modules already initialized, skipping
Refreshing native plugins compatible for Editor in 0.59 ms, found 3 plugins.
Preloading 0 native plugins for Editor in 0.00 ms.
Unloading 2121 Unused Serialized files (Serialized files now loaded: 0)
System memory in use before: 95.2 MB.
System memory in use after: 95.3 MB.

Unloading 16 unused Assets to reduce memory usage. Loaded Objects now: 2613.
Total: 3.076900 ms (FindLiveObjects: 0.249900 ms CreateObjectMapping: 0.122100 ms MarkObjects: 2.677100 ms  DeleteObjects: 0.026300 ms)

========================================================================
Received Prepare
Registering precompiled user dll's ...
Registered in 0.671629 seconds.
Begin MonoManager ReloadAssembly
Native extension for WindowsStandalone target not found
Refreshing native plugins compatible for Editor in 0.63 ms, found 3 plugins.
Preloading 0 native plugins for Editor in 0.00 ms.
Mono: successfully reloaded assembly
- Completed reload, in  3.925 seconds
Platform modules already initialized, skipping
Refreshing native plugins compatible for Editor in 0.60 ms, found 3 plugins.
Preloading 0 native plugins for Editor in 0.00 ms.
Unloading 2121 Unused Serialized files (Serialized files now loaded: 0)
System memory in use before: 95.2 MB.
System memory in use after: 95.3 MB.

Unloading 16 unused Assets to reduce memory usage. Loaded Objects now: 2617.
Total: 2.970500 ms (FindLiveObjects: 0.256000 ms CreateObjectMapping: 0.116200 ms MarkObjects: 2.569800 ms  DeleteObjects: 0.026700 ms)

========================================================================
Received Prepare
Registering precompiled user dll's ...
Registered in 0.017885 seconds.
Begin MonoManager ReloadAssembly
Native extension for WindowsStandalone target not found
Refreshing native plugins compatible for Editor in 0.76 ms, found 3 plugins.
Preloading 0 native plugins for Editor in 0.00 ms.
Mono: successfully reloaded assembly
- Completed reload, in  2.580 seconds
Platform modules already initialized, skipping
Refreshing native plugins compatible for Editor in 0.59 ms, found 3 plugins.
Preloading 0 native plugins for Editor in 0.00 ms.
Unloading 2121 Unused Serialized files (Serialized files now loaded: 0)
System memory in use before: 95.2 MB.
System memory in use after: 95.3 MB.

Unloading 16 unused Assets to reduce memory usage. Loaded Objects now: 2621.
Total: 6.159300 ms (FindLiveObjects: 0.504800 ms CreateObjectMapping: 0.539100 ms MarkObjects: 5.071400 ms  DeleteObjects: 0.040600 ms)

========================================================================
Received Prepare
Registering precompiled user dll's ...
Registered in 0.096132 seconds.
Begin MonoManager ReloadAssembly
Native extension for WindowsStandalone target not found
Refreshing native plugins compatible for Editor in 3.43 ms, found 3 plugins.
Preloading 0 native plugins for Editor in 0.00 ms.
Mono: successfully reloaded assembly
- Completed reload, in  7.192 seconds
Platform modules already initialized, skipping
Refreshing native plugins compatible for Editor in 1.66 ms, found 3 plugins.
Preloading 0 native plugins for Editor in 0.00 ms.
Unloading 2121 Unused Serialized files (Serialized files now loaded: 0)
System memory in use before: 95.2 MB.
System memory in use after: 95.3 MB.

Unloading 16 unused Assets to reduce memory usage. Loaded Objects now: 2625.
Total: 31.863300 ms (FindLiveObjects: 4.454100 ms CreateObjectMapping: 1.117800 ms MarkObjects: 26.216600 ms  DeleteObjects: 0.071800 ms)

========================================================================
Received Prepare
Registering precompiled user dll's ...
Registered in 0.046519 seconds.
Begin MonoManager ReloadAssembly
Native extension for WindowsStandalone target not found
Refreshing native plugins compatible for Editor in 0.89 ms, found 3 plugins.
Preloading 0 native plugins for Editor in 0.00 ms.
Mono: successfully reloaded assembly
- Completed reload, in  2.941 seconds
Platform modules already initialized, skipping
Refreshing native plugins compatible for Editor in 0.63 ms, found 3 plugins.
Preloading 0 native plugins for Editor in 0.00 ms.
Unloading 2121 Unused Serialized files (Serialized files now loaded: 0)
System memory in use before: 95.2 MB.
System memory in use after: 95.3 MB.

Unloading 16 unused Assets to reduce memory usage. Loaded Objects now: 2629.
Total: 3.655100 ms (FindLiveObjects: 0.379400 ms CreateObjectMapping: 0.171000 ms MarkObjects: 3.073600 ms  DeleteObjects: 0.029000 ms)

AssetImportWorkerClient::OnTransportError - code=2 error=End of file
