Using pre-set license
Built from '2020.3/staging' branch; Version is '2020.3.11f1 (99c7afb366b3) revision 10078127'; Using compiler version '192528614'; Build Type 'Release'
OS: 'Windows 10 Enterprise LTSC 2019; OS build 17763.1999; Version 1809; 64bit' Language: 'ko' Physical Memory: 16293 MB
BatchMode: 1, IsHumanControllingUs: 0, StartBugReporterOnCrash: 0, Is64bit: 1, IsPro: 0

 COMMAND LINE ARGUMENTS:
C:\Program Files\Unity\Hub\Editor\2020.3.11f1\Editor\Unity.exe
-adb2
-batchMode
-noUpm
-name
AssetImportWorker0
-projectPath
C:/Users/Administrator/Desktop/2021MobileContest
-logFile
Logs/AssetImportWorker0.log
-srvPort
<<<<<<< Updated upstream
5097
Successfully changed project path to: C:/Users/Administrator/Desktop/2021MobileContest
C:/Users/Administrator/Desktop/2021MobileContest
Using Asset Import Pipeline V2.
Refreshing native plugins compatible for Editor in 44.03 ms, found 3 plugins.
=======
9848
Successfully changed project path to: C:/Users/JeongMinHo/Documents/2021MobileContest
C:/Users/JeongMinHo/Documents/2021MobileContest
Using Asset Import Pipeline V2.
Refreshing native plugins compatible for Editor in 45.05 ms, found 3 plugins.
>>>>>>> Stashed changes
Preloading 0 native plugins for Editor in 0.00 ms.
Initialize engine version: 2020.3.11f1 (99c7afb366b3)
[Subsystems] Discovering subsystems at path C:/Program Files/Unity/Hub/Editor/2020.3.11f1/Editor/Data/Resources/UnitySubsystems
[Subsystems] Discovering subsystems at path C:/Users/Administrator/Desktop/2021MobileContest/Assets
GfxDevice: creating device client; threaded=0
Direct3D:
    Version:  Direct3D 11.0 [level 11.1]
    Renderer: NVIDIA GeForce GT 1030 (ID=0x1d01)
    Vendor:   
    VRAM:     1982 MB
    Driver:   27.21.14.5671
Initialize mono
Mono path[0] = 'C:/Program Files/Unity/Hub/Editor/2020.3.11f1/Editor/Data/Managed'
Mono path[1] = 'C:/Program Files/Unity/Hub/Editor/2020.3.11f1/Editor/Data/MonoBleedingEdge/lib/mono/unityjit'
Mono config path = 'C:/Program Files/Unity/Hub/Editor/2020.3.11f1/Editor/Data/MonoBleedingEdge/etc'
<<<<<<< Updated upstream
Using monoOptions --debugger-agent=transport=dt_socket,embedding=1,server=y,suspend=n,address=127.0.0.1:56364
=======
Using monoOptions --debugger-agent=transport=dt_socket,embedding=1,server=y,suspend=n,address=127.0.0.1:56076
>>>>>>> Stashed changes
Begin MonoManager ReloadAssembly
Registering precompiled unity dll's ...
Register platform support module: C:/Program Files/Unity/Hub/Editor/2020.3.11f1/Editor/Data/PlaybackEngines/WebGLSupport/UnityEditor.WebGL.Extensions.dll
Register platform support module: C:/Program Files/Unity/Hub/Editor/2020.3.11f1/Editor/Data/PlaybackEngines/WindowsStandaloneSupport/UnityEditor.WindowsStandalone.Extensions.dll
<<<<<<< Updated upstream
Registered in 0.000924 seconds.
Native extension for WindowsStandalone target not found
Native extension for WebGL target not found
Refreshing native plugins compatible for Editor in 39.45 ms, found 3 plugins.
Preloading 0 native plugins for Editor in 0.00 ms.
Mono: successfully reloaded assembly
- Completed reload, in  0.939 seconds
Platform modules already initialized, skipping
Registering precompiled user dll's ...
Registered in 0.002575 seconds.
Begin MonoManager ReloadAssembly
Native extension for WindowsStandalone target not found
Native extension for WebGL target not found
Refreshing native plugins compatible for Editor in 40.32 ms, found 3 plugins.
Preloading 0 native plugins for Editor in 0.00 ms.
Mono: successfully reloaded assembly
- Completed reload, in  0.980 seconds
=======
Registered in 0.001685 seconds.
Native extension for WindowsStandalone target not found
Refreshing native plugins compatible for Editor in 40.28 ms, found 3 plugins.
Preloading 0 native plugins for Editor in 0.00 ms.
Mono: successfully reloaded assembly
- Completed reload, in  1.514 seconds
Platform modules already initialized, skipping
Registering precompiled user dll's ...
Registered in 0.003322 seconds.
Begin MonoManager ReloadAssembly
Native extension for WindowsStandalone target not found
Refreshing native plugins compatible for Editor in 40.76 ms, found 3 plugins.
Preloading 0 native plugins for Editor in 0.00 ms.
Mono: successfully reloaded assembly
- Completed reload, in  1.267 seconds
>>>>>>> Stashed changes
Platform modules already initialized, skipping
========================================================================
Worker process is ready to serve import requests
Launched and connected shader compiler UnityShaderCompiler.exe after 0.03 seconds
<<<<<<< Updated upstream
Refreshing native plugins compatible for Editor in 0.41 ms, found 3 plugins.
Preloading 0 native plugins for Editor in 0.00 ms.
Unloading 2145 Unused Serialized files (Serialized files now loaded: 0)
System memory in use before: 96.9 MB.
System memory in use after: 97.0 MB.

Unloading 28 unused Assets to reduce memory usage. Loaded Objects now: 2589.
Total: 2.517900 ms (FindLiveObjects: 0.291200 ms CreateObjectMapping: 0.116600 ms MarkObjects: 2.036900 ms  DeleteObjects: 0.071000 ms)

========================================================================
Received Import Request.
  path: Assets/Scripts/Enemy
  artifactKey: Guid(eb12edb47e162584eb95a8f342400ac1) Importer(815301076,1909f56bfc062723c751e8b465ee728b)
Start importing Assets/Scripts/Enemy using Guid(eb12edb47e162584eb95a8f342400ac1) Importer(815301076,1909f56bfc062723c751e8b465ee728b)  -> (artifact id: '06541fb01693d1120ede544c18c4ea5b') in 0.008377 seconds
  Import took 0.012112 seconds .

========================================================================
Received Import Request.
  Time since last request: 0.000170 seconds.
  path: Assets/Scripts/Enemy/BossBullet.cs
  artifactKey: Guid(5ea7968d744dfb04dba5fc087a207ab1) Importer(815301076,1909f56bfc062723c751e8b465ee728b)
Start importing Assets/Scripts/Enemy/BossBullet.cs using Guid(5ea7968d744dfb04dba5fc087a207ab1) Importer(815301076,1909f56bfc062723c751e8b465ee728b)  -> (artifact id: 'ea5e0dce6f907b6748dbad169a985fe8') in 0.028864 seconds
  Import took 0.032266 seconds .

========================================================================
Received Import Request.
  Time since last request: 7.248944 seconds.
  path: Assets/Scripts/Player.cs
  artifactKey: Guid(55d9036dce946d946894800fd0c13521) Importer(815301076,1909f56bfc062723c751e8b465ee728b)
Start importing Assets/Scripts/Player.cs using Guid(55d9036dce946d946894800fd0c13521) Importer(815301076,1909f56bfc062723c751e8b465ee728b)  -> (artifact id: 'fcc26b0efbd0f3d4d6fbc5e85a9088c6') in 0.007971 seconds
  Import took 0.011855 seconds .

========================================================================
Received Import Request.
  Time since last request: 0.041768 seconds.
  path: Assets/Scripts/Player.cs
  artifactKey: Guid(55d9036dce946d946894800fd0c13521) Importer(815301076,1909f56bfc062723c751e8b465ee728b)
Start importing Assets/Scripts/Player.cs using Guid(55d9036dce946d946894800fd0c13521) Importer(815301076,1909f56bfc062723c751e8b465ee728b)  -> (artifact id: 'fcc26b0efbd0f3d4d6fbc5e85a9088c6') in 0.001952 seconds
  Import took 0.005552 seconds .

========================================================================
Received Import Request.
  Time since last request: 19.164462 seconds.
  path: Assets/Scripts/Stage1GameManager.cs
  artifactKey: Guid(c1d8f6471ad3ba949a813a0445bfb88e) Importer(815301076,1909f56bfc062723c751e8b465ee728b)
Start importing Assets/Scripts/Stage1GameManager.cs using Guid(c1d8f6471ad3ba949a813a0445bfb88e) Importer(815301076,1909f56bfc062723c751e8b465ee728b)  -> (artifact id: 'ddea59b455c763bc63f03aa43b9af194') in 0.008328 seconds
  Import took 0.011935 seconds .

========================================================================
Received Import Request.
  Time since last request: 0.001528 seconds.
  path: Assets/Scripts/Stage1GameManager.cs
  artifactKey: Guid(c1d8f6471ad3ba949a813a0445bfb88e) Importer(815301076,1909f56bfc062723c751e8b465ee728b)
Start importing Assets/Scripts/Stage1GameManager.cs using Guid(c1d8f6471ad3ba949a813a0445bfb88e) Importer(815301076,1909f56bfc062723c751e8b465ee728b)  -> (artifact id: 'ddea59b455c763bc63f03aa43b9af194') in 0.005905 seconds
  Import took 0.014042 seconds .

========================================================================
Received Import Request.
  Time since last request: 2.053367 seconds.
  path: Assets/Scripts/Stage1Score.cs
  artifactKey: Guid(53d8a46078b9e4742a8e6936fef4b2b9) Importer(815301076,1909f56bfc062723c751e8b465ee728b)
Start importing Assets/Scripts/Stage1Score.cs using Guid(53d8a46078b9e4742a8e6936fef4b2b9) Importer(815301076,1909f56bfc062723c751e8b465ee728b)  -> (artifact id: '397e6f57034934710de742ea20e8654d') in 0.007244 seconds
  Import took 0.010654 seconds .

========================================================================
Received Import Request.
  Time since last request: 0.001824 seconds.
  path: Assets/Scripts/Stage1Score.cs
  artifactKey: Guid(53d8a46078b9e4742a8e6936fef4b2b9) Importer(815301076,1909f56bfc062723c751e8b465ee728b)
Start importing Assets/Scripts/Stage1Score.cs using Guid(53d8a46078b9e4742a8e6936fef4b2b9) Importer(815301076,1909f56bfc062723c751e8b465ee728b)  -> (artifact id: '397e6f57034934710de742ea20e8654d') in 0.002077 seconds
  Import took 0.005615 seconds .

========================================================================
Received Import Request.
  Time since last request: 1.445721 seconds.
  path: Assets/Scripts/UIManager.cs
  artifactKey: Guid(64f4501163500fc44b161facd0eb1d09) Importer(815301076,1909f56bfc062723c751e8b465ee728b)
Start importing Assets/Scripts/UIManager.cs using Guid(64f4501163500fc44b161facd0eb1d09) Importer(815301076,1909f56bfc062723c751e8b465ee728b)  -> (artifact id: '2217414194b61ed826c3b81214972677') in 0.007201 seconds
  Import took 0.011000 seconds .

========================================================================
Received Import Request.
  Time since last request: 0.000633 seconds.
  path: Assets/Scripts/UIManager.cs
  artifactKey: Guid(64f4501163500fc44b161facd0eb1d09) Importer(815301076,1909f56bfc062723c751e8b465ee728b)
Start importing Assets/Scripts/UIManager.cs using Guid(64f4501163500fc44b161facd0eb1d09) Importer(815301076,1909f56bfc062723c751e8b465ee728b)  -> (artifact id: '2217414194b61ed826c3b81214972677') in 0.002372 seconds
  Import took 0.006537 seconds .

========================================================================
Received Import Request.
  Time since last request: 18.531955 seconds.
  path: Assets/Scripts/Items
  artifactKey: Guid(183629de6ba7e2a40a8f4568baba01f2) Importer(815301076,1909f56bfc062723c751e8b465ee728b)
Start importing Assets/Scripts/Items using Guid(183629de6ba7e2a40a8f4568baba01f2) Importer(815301076,1909f56bfc062723c751e8b465ee728b)  -> (artifact id: '4201bf2691e94e024dffc3e747abfdca') in 0.008004 seconds
  Import took 0.011117 seconds .

========================================================================
Received Import Request.
  Time since last request: 48.588625 seconds.
  path: Assets/Scripts/Enemy/BossTurn.cs
  artifactKey: Guid(881f3321868c13a43884b58a9533ee6a) Importer(815301076,1909f56bfc062723c751e8b465ee728b)
Start importing Assets/Scripts/Enemy/BossTurn.cs using Guid(881f3321868c13a43884b58a9533ee6a) Importer(815301076,1909f56bfc062723c751e8b465ee728b)  -> (artifact id: '0dba8524c487677f8e84e925a33fdfb3') in 0.007554 seconds
  Import took 0.011719 seconds .

========================================================================
Received Import Request.
  Time since last request: 0.000480 seconds.
  path: Assets/Scripts/Enemy/BossTurn.cs
  artifactKey: Guid(881f3321868c13a43884b58a9533ee6a) Importer(815301076,1909f56bfc062723c751e8b465ee728b)
Start importing Assets/Scripts/Enemy/BossTurn.cs using Guid(881f3321868c13a43884b58a9533ee6a) Importer(815301076,1909f56bfc062723c751e8b465ee728b)  -> (artifact id: '0dba8524c487677f8e84e925a33fdfb3') in 0.002749 seconds
  Import took 0.007812 seconds .

========================================================================
Received Prepare
Registering precompiled user dll's ...
Registered in 0.002441 seconds.
Begin MonoManager ReloadAssembly
Native extension for WindowsStandalone target not found
Native extension for WebGL target not found
Refreshing native plugins compatible for Editor in 0.49 ms, found 3 plugins.
Preloading 0 native plugins for Editor in 0.00 ms.
Mono: successfully reloaded assembly
- Completed reload, in  0.876 seconds
Platform modules already initialized, skipping
Refreshing native plugins compatible for Editor in 0.43 ms, found 3 plugins.
Preloading 0 native plugins for Editor in 0.00 ms.
Unloading 2121 Unused Serialized files (Serialized files now loaded: 0)
System memory in use before: 95.0 MB.
System memory in use after: 95.2 MB.

Unloading 16 unused Assets to reduce memory usage. Loaded Objects now: 2593.
Total: 2.175300 ms (FindLiveObjects: 0.178300 ms CreateObjectMapping: 0.076800 ms MarkObjects: 1.901100 ms  DeleteObjects: 0.017900 ms)

========================================================================
Received Import Request.
  Time since last request: 48.222339 seconds.
  path: Assets/Sprites/Enemy
  artifactKey: Guid(56ba55bed90871a4e98fec5722ec9dda) Importer(815301076,1909f56bfc062723c751e8b465ee728b)
Start importing Assets/Sprites/Enemy using Guid(56ba55bed90871a4e98fec5722ec9dda) Importer(815301076,1909f56bfc062723c751e8b465ee728b)  -> (artifact id: 'b8313ddc3d19460b1cf0291403f4786c') in 0.005198 seconds
  Import took 0.009363 seconds .

========================================================================
Received Import Request.
  Time since last request: 52.816989 seconds.
  path: Assets/Sprites/Enemy/boss_body.png
  artifactKey: Guid(7581c63ed21261c4e90a4e0cc34519e3) Importer(815301076,1909f56bfc062723c751e8b465ee728b)
Start importing Assets/Sprites/Enemy/boss_body.png using Guid(7581c63ed21261c4e90a4e0cc34519e3) Importer(815301076,1909f56bfc062723c751e8b465ee728b)  -> (artifact id: '5bdc74c783817d7fb15b959207043eba') in 0.066555 seconds
  Import took 0.069783 seconds .

========================================================================
Received Prepare
Registering precompiled user dll's ...
Registered in 0.002614 seconds.
Begin MonoManager ReloadAssembly
Native extension for WindowsStandalone target not found
Native extension for WebGL target not found
Refreshing native plugins compatible for Editor in 0.42 ms, found 3 plugins.
Preloading 0 native plugins for Editor in 0.00 ms.
Mono: successfully reloaded assembly
- Completed reload, in  0.935 seconds
Platform modules already initialized, skipping
Refreshing native plugins compatible for Editor in 0.52 ms, found 3 plugins.
Preloading 0 native plugins for Editor in 0.00 ms.
Unloading 2121 Unused Serialized files (Serialized files now loaded: 0)
System memory in use before: 98.0 MB.
System memory in use after: 98.1 MB.

Unloading 16 unused Assets to reduce memory usage. Loaded Objects now: 2603.
Total: 2.292300 ms (FindLiveObjects: 0.224000 ms CreateObjectMapping: 0.147000 ms MarkObjects: 1.900900 ms  DeleteObjects: 0.019000 ms)

========================================================================
Received Prepare
Registering precompiled user dll's ...
Registered in 0.002529 seconds.
Begin MonoManager ReloadAssembly
Native extension for WindowsStandalone target not found
Native extension for WebGL target not found
Refreshing native plugins compatible for Editor in 0.43 ms, found 3 plugins.
Preloading 0 native plugins for Editor in 0.00 ms.
Mono: successfully reloaded assembly
- Completed reload, in  0.973 seconds
Platform modules already initialized, skipping
Refreshing native plugins compatible for Editor in 0.44 ms, found 3 plugins.
Preloading 0 native plugins for Editor in 0.00 ms.
Unloading 2121 Unused Serialized files (Serialized files now loaded: 0)
System memory in use before: 98.0 MB.
System memory in use after: 98.2 MB.

Unloading 16 unused Assets to reduce memory usage. Loaded Objects now: 2607.
Total: 1.952000 ms (FindLiveObjects: 0.182400 ms CreateObjectMapping: 0.067300 ms MarkObjects: 1.685300 ms  DeleteObjects: 0.015900 ms)

========================================================================
Received Prepare
Registering precompiled user dll's ...
Registered in 0.002291 seconds.
Begin MonoManager ReloadAssembly
Native extension for WindowsStandalone target not found
Native extension for WebGL target not found
Refreshing native plugins compatible for Editor in 0.44 ms, found 3 plugins.
Preloading 0 native plugins for Editor in 0.00 ms.
Mono: successfully reloaded assembly
- Completed reload, in  0.909 seconds
Platform modules already initialized, skipping
Refreshing native plugins compatible for Editor in 0.44 ms, found 3 plugins.
Preloading 0 native plugins for Editor in 0.00 ms.
Unloading 2121 Unused Serialized files (Serialized files now loaded: 0)
System memory in use before: 98.1 MB.
System memory in use after: 98.2 MB.

Unloading 16 unused Assets to reduce memory usage. Loaded Objects now: 2611.
Total: 1.896600 ms (FindLiveObjects: 0.179300 ms CreateObjectMapping: 0.074300 ms MarkObjects: 1.626500 ms  DeleteObjects: 0.015700 ms)

========================================================================
Received Prepare
Registering precompiled user dll's ...
Registered in 0.002341 seconds.
Begin MonoManager ReloadAssembly
Native extension for WindowsStandalone target not found
Native extension for WebGL target not found
Refreshing native plugins compatible for Editor in 0.43 ms, found 3 plugins.
Preloading 0 native plugins for Editor in 0.00 ms.
Mono: successfully reloaded assembly
- Completed reload, in  0.901 seconds
Platform modules already initialized, skipping
Refreshing native plugins compatible for Editor in 0.54 ms, found 3 plugins.
Preloading 0 native plugins for Editor in 0.00 ms.
Unloading 2121 Unused Serialized files (Serialized files now loaded: 0)
System memory in use before: 98.1 MB.
System memory in use after: 98.2 MB.

Unloading 16 unused Assets to reduce memory usage. Loaded Objects now: 2615.
Total: 2.071000 ms (FindLiveObjects: 0.207200 ms CreateObjectMapping: 0.078200 ms MarkObjects: 1.761000 ms  DeleteObjects: 0.023300 ms)

========================================================================
Received Import Request.
  Time since last request: 189.834810 seconds.
  path: Assets/Prefabs/Bomb.prefab
  artifactKey: Guid(4046c4bfdadefa4478f35e4045ed3277) Importer(815301076,1909f56bfc062723c751e8b465ee728b)
Start importing Assets/Prefabs/Bomb.prefab using Guid(4046c4bfdadefa4478f35e4045ed3277) Importer(815301076,1909f56bfc062723c751e8b465ee728b)  -> (artifact id: '5b1d39008c75cdc5ff4a0cbcf01efad8') in 0.057249 seconds
  Import took 0.060905 seconds .

========================================================================
Received Import Request.
  Time since last request: 0.000227 seconds.
  path: Assets/Prefabs/Bubble.prefab
  artifactKey: Guid(36b787904967e9f4e883b3067791e5b7) Importer(815301076,1909f56bfc062723c751e8b465ee728b)
Start importing Assets/Prefabs/Bubble.prefab using Guid(36b787904967e9f4e883b3067791e5b7) Importer(815301076,1909f56bfc062723c751e8b465ee728b)  -> (artifact id: '96c5d730c16ed9cbfc884bdd7daf11dc') in 0.012862 seconds
  Import took 0.016811 seconds .

========================================================================
Received Import Request.
  Time since last request: 0.000218 seconds.
  path: Assets/Prefabs/FreezingArea.prefab
  artifactKey: Guid(6b94cbf794772f74aba36e5bb304fa15) Importer(815301076,1909f56bfc062723c751e8b465ee728b)
Start importing Assets/Prefabs/FreezingArea.prefab using Guid(6b94cbf794772f74aba36e5bb304fa15) Importer(815301076,1909f56bfc062723c751e8b465ee728b)  -> (artifact id: '95a716383fe4b84de596fd152431d473') in 0.023120 seconds
  Import took 0.026945 seconds .

========================================================================
Received Import Request.
  Time since last request: 0.000173 seconds.
  path: Assets/Prefabs/Boss.prefab
  artifactKey: Guid(2fd2b5635d73b984a9a8318ef840fb54) Importer(815301076,1909f56bfc062723c751e8b465ee728b)
Start importing Assets/Prefabs/Boss.prefab using Guid(2fd2b5635d73b984a9a8318ef840fb54) Importer(815301076,1909f56bfc062723c751e8b465ee728b)  -> (artifact id: 'f4eb988400edae8a6cdbd6fa5ff7adf2') in 0.015355 seconds
  Import took 0.018782 seconds .

========================================================================
Received Import Request.
  Time since last request: 0.000202 seconds.
  path: Assets/Prefabs/Item.prefab
  artifactKey: Guid(349251f40fe394c488627bf4bf9da88c) Importer(815301076,1909f56bfc062723c751e8b465ee728b)
Start importing Assets/Prefabs/Item.prefab using Guid(349251f40fe394c488627bf4bf9da88c) Importer(815301076,1909f56bfc062723c751e8b465ee728b)  -> (artifact id: 'bb40695a3bbab498c4cbb62628421101') in 0.012669 seconds
  Import took 0.016264 seconds .

========================================================================
Received Import Request.
  Time since last request: 0.000180 seconds.
  path: Assets/Prefabs/Enemy.prefab
  artifactKey: Guid(cd622a91934dc20408067695cf3a9d5f) Importer(815301076,1909f56bfc062723c751e8b465ee728b)
Start importing Assets/Prefabs/Enemy.prefab using Guid(cd622a91934dc20408067695cf3a9d5f) Importer(815301076,1909f56bfc062723c751e8b465ee728b)  -> (artifact id: '6a63e939e5b3d3095b9882b8edc8dc83') in 0.014921 seconds
  Import took 0.018959 seconds .

========================================================================
Received Import Request.
  Time since last request: 0.000180 seconds.
  path: Assets/Prefabs/BossBullet.prefab
  artifactKey: Guid(4d400cdde9d99044bbb1c6091431ed3a) Importer(815301076,1909f56bfc062723c751e8b465ee728b)
Start importing Assets/Prefabs/BossBullet.prefab using Guid(4d400cdde9d99044bbb1c6091431ed3a) Importer(815301076,1909f56bfc062723c751e8b465ee728b)  -> (artifact id: '746d0ca65f44e018236a4379097d8edd') in 0.010972 seconds
  Import took 0.013998 seconds .

========================================================================
Received Import Request.
  Time since last request: 0.000179 seconds.
  path: Assets/Prefabs/JoystickBG.prefab
  artifactKey: Guid(2d5de8c12b26e3a43bbceb40dede0011) Importer(815301076,1909f56bfc062723c751e8b465ee728b)
Start importing Assets/Prefabs/JoystickBG.prefab using Guid(2d5de8c12b26e3a43bbceb40dede0011) Importer(815301076,1909f56bfc062723c751e8b465ee728b)  -> (artifact id: '9cd1ae2ebe278cc34fe6d6a315b59ccd') in 0.016647 seconds
  Import took 0.019629 seconds .

========================================================================
Received Import Request.
  Time since last request: 0.000159 seconds.
  path: Assets/Prefabs/Bullet.prefab
  artifactKey: Guid(93d516fb1bad5ca4e89f7820955452bf) Importer(815301076,1909f56bfc062723c751e8b465ee728b)
Start importing Assets/Prefabs/Bullet.prefab using Guid(93d516fb1bad5ca4e89f7820955452bf) Importer(815301076,1909f56bfc062723c751e8b465ee728b)  -> (artifact id: '61548757e9d93117dadca703319ae64a') in 0.011090 seconds
  Import took 0.014900 seconds .

========================================================================
Received Prepare
Registering precompiled user dll's ...
Registered in 0.002520 seconds.
Begin MonoManager ReloadAssembly
Native extension for WindowsStandalone target not found
Native extension for WebGL target not found
Refreshing native plugins compatible for Editor in 0.62 ms, found 3 plugins.
Preloading 0 native plugins for Editor in 0.00 ms.
Mono: successfully reloaded assembly
- Completed reload, in  0.919 seconds
Platform modules already initialized, skipping
Refreshing native plugins compatible for Editor in 0.57 ms, found 3 plugins.
Preloading 0 native plugins for Editor in 0.00 ms.
Unloading 2121 Unused Serialized files (Serialized files now loaded: 0)
System memory in use before: 98.2 MB.
System memory in use after: 98.3 MB.

Unloading 16 unused Assets to reduce memory usage. Loaded Objects now: 2623.
Total: 1.981600 ms (FindLiveObjects: 0.175700 ms CreateObjectMapping: 0.066800 ms MarkObjects: 1.721900 ms  DeleteObjects: 0.016100 ms)

========================================================================
Received Import Request.
  Time since last request: 22.880073 seconds.
  path: Assets/Prefabs/Boss.prefab
  artifactKey: Guid(2fd2b5635d73b984a9a8318ef840fb54) Importer(815301076,1909f56bfc062723c751e8b465ee728b)
Start importing Assets/Prefabs/Boss.prefab using Guid(2fd2b5635d73b984a9a8318ef840fb54) Importer(815301076,1909f56bfc062723c751e8b465ee728b)  -> (artifact id: '684f059a6fad9cf11fa5669ae68ae4b9') in 0.051095 seconds
  Import took 0.054222 seconds .

========================================================================
Received Prepare
Registering precompiled user dll's ...
Registered in 0.002149 seconds.
Begin MonoManager ReloadAssembly
Native extension for WindowsStandalone target not found
Native extension for WebGL target not found
Refreshing native plugins compatible for Editor in 0.62 ms, found 3 plugins.
Preloading 0 native plugins for Editor in 0.00 ms.
Mono: successfully reloaded assembly
- Completed reload, in  0.963 seconds
Platform modules already initialized, skipping
Refreshing native plugins compatible for Editor in 0.55 ms, found 3 plugins.
Preloading 0 native plugins for Editor in 0.00 ms.
Unloading 2121 Unused Serialized files (Serialized files now loaded: 0)
System memory in use before: 98.2 MB.
System memory in use after: 98.3 MB.

Unloading 16 unused Assets to reduce memory usage. Loaded Objects now: 2628.
Total: 2.452100 ms (FindLiveObjects: 0.282100 ms CreateObjectMapping: 0.141500 ms MarkObjects: 2.008600 ms  DeleteObjects: 0.018700 ms)

========================================================================
Received Prepare
Registering precompiled user dll's ...
Registered in 0.002235 seconds.
Begin MonoManager ReloadAssembly
Native extension for WindowsStandalone target not found
Native extension for WebGL target not found
Refreshing native plugins compatible for Editor in 0.80 ms, found 3 plugins.
Preloading 0 native plugins for Editor in 0.00 ms.
Mono: successfully reloaded assembly
- Completed reload, in  0.976 seconds
Platform modules already initialized, skipping
Refreshing native plugins compatible for Editor in 0.46 ms, found 3 plugins.
Preloading 0 native plugins for Editor in 0.00 ms.
Unloading 2121 Unused Serialized files (Serialized files now loaded: 0)
System memory in use before: 98.2 MB.
System memory in use after: 98.3 MB.

Unloading 16 unused Assets to reduce memory usage. Loaded Objects now: 2632.
Total: 1.996900 ms (FindLiveObjects: 0.199800 ms CreateObjectMapping: 0.076200 ms MarkObjects: 1.702800 ms  DeleteObjects: 0.016700 ms)

========================================================================
Received Prepare
Registering precompiled user dll's ...
Registered in 0.002186 seconds.
Begin MonoManager ReloadAssembly
Native extension for WindowsStandalone target not found
Native extension for WebGL target not found
Refreshing native plugins compatible for Editor in 0.47 ms, found 3 plugins.
Preloading 0 native plugins for Editor in 0.00 ms.
Mono: successfully reloaded assembly
- Completed reload, in  0.999 seconds
Platform modules already initialized, skipping
Refreshing native plugins compatible for Editor in 0.49 ms, found 3 plugins.
Preloading 0 native plugins for Editor in 0.00 ms.
Unloading 2121 Unused Serialized files (Serialized files now loaded: 0)
System memory in use before: 98.2 MB.
System memory in use after: 98.3 MB.

Unloading 16 unused Assets to reduce memory usage. Loaded Objects now: 2636.
Total: 2.152800 ms (FindLiveObjects: 0.187800 ms CreateObjectMapping: 0.083600 ms MarkObjects: 1.862000 ms  DeleteObjects: 0.018300 ms)

========================================================================
Received Prepare
Registering precompiled user dll's ...
Registered in 0.002948 seconds.
Begin MonoManager ReloadAssembly
Native extension for WindowsStandalone target not found
Native extension for WebGL target not found
Refreshing native plugins compatible for Editor in 0.47 ms, found 3 plugins.
Preloading 0 native plugins for Editor in 0.00 ms.
Mono: successfully reloaded assembly
- Completed reload, in  0.913 seconds
Platform modules already initialized, skipping
Refreshing native plugins compatible for Editor in 0.42 ms, found 3 plugins.
Preloading 0 native plugins for Editor in 0.00 ms.
Unloading 2121 Unused Serialized files (Serialized files now loaded: 0)
System memory in use before: 98.2 MB.
System memory in use after: 98.3 MB.

Unloading 16 unused Assets to reduce memory usage. Loaded Objects now: 2640.
Total: 2.298700 ms (FindLiveObjects: 0.252400 ms CreateObjectMapping: 0.106400 ms MarkObjects: 1.922200 ms  DeleteObjects: 0.016500 ms)

========================================================================
Received Prepare
Registering precompiled user dll's ...
Registered in 0.002127 seconds.
Begin MonoManager ReloadAssembly
Native extension for WindowsStandalone target not found
Native extension for WebGL target not found
Refreshing native plugins compatible for Editor in 0.44 ms, found 3 plugins.
Preloading 0 native plugins for Editor in 0.00 ms.
Mono: successfully reloaded assembly
- Completed reload, in  0.911 seconds
Platform modules already initialized, skipping
Refreshing native plugins compatible for Editor in 0.43 ms, found 3 plugins.
Preloading 0 native plugins for Editor in 0.00 ms.
Unloading 2121 Unused Serialized files (Serialized files now loaded: 0)
System memory in use before: 98.2 MB.
System memory in use after: 98.3 MB.

Unloading 16 unused Assets to reduce memory usage. Loaded Objects now: 2644.
Total: 1.923400 ms (FindLiveObjects: 0.175500 ms CreateObjectMapping: 0.067400 ms MarkObjects: 1.665300 ms  DeleteObjects: 0.014300 ms)

========================================================================
Received Prepare
Registering precompiled user dll's ...
Registered in 0.002587 seconds.
Begin MonoManager ReloadAssembly
Native extension for WindowsStandalone target not found
Native extension for WebGL target not found
Refreshing native plugins compatible for Editor in 0.43 ms, found 3 plugins.
Preloading 0 native plugins for Editor in 0.00 ms.
Mono: successfully reloaded assembly
- Completed reload, in  0.874 seconds
Platform modules already initialized, skipping
Refreshing native plugins compatible for Editor in 0.43 ms, found 3 plugins.
Preloading 0 native plugins for Editor in 0.00 ms.
Unloading 2121 Unused Serialized files (Serialized files now loaded: 0)
System memory in use before: 98.2 MB.
System memory in use after: 98.3 MB.

Unloading 16 unused Assets to reduce memory usage. Loaded Objects now: 2648.
Total: 1.967200 ms (FindLiveObjects: 0.181400 ms CreateObjectMapping: 0.075400 ms MarkObjects: 1.693800 ms  DeleteObjects: 0.015300 ms)

========================================================================
Received Prepare
Registering precompiled user dll's ...
Registered in 0.002047 seconds.
Begin MonoManager ReloadAssembly
Native extension for WindowsStandalone target not found
Native extension for WebGL target not found
Refreshing native plugins compatible for Editor in 0.43 ms, found 3 plugins.
Preloading 0 native plugins for Editor in 0.00 ms.
Mono: successfully reloaded assembly
- Completed reload, in  0.890 seconds
Platform modules already initialized, skipping
Refreshing native plugins compatible for Editor in 0.45 ms, found 3 plugins.
Preloading 0 native plugins for Editor in 0.00 ms.
Unloading 2121 Unused Serialized files (Serialized files now loaded: 0)
System memory in use before: 98.2 MB.
System memory in use after: 98.3 MB.

Unloading 16 unused Assets to reduce memory usage. Loaded Objects now: 2652.
Total: 1.942300 ms (FindLiveObjects: 0.179400 ms CreateObjectMapping: 0.069800 ms MarkObjects: 1.674100 ms  DeleteObjects: 0.017700 ms)

========================================================================
Received Prepare
Registering precompiled user dll's ...
Registered in 0.002355 seconds.
Begin MonoManager ReloadAssembly
Native extension for WindowsStandalone target not found
Native extension for WebGL target not found
Refreshing native plugins compatible for Editor in 0.45 ms, found 3 plugins.
Preloading 0 native plugins for Editor in 0.00 ms.
Mono: successfully reloaded assembly
- Completed reload, in  0.910 seconds
Platform modules already initialized, skipping
Refreshing native plugins compatible for Editor in 0.44 ms, found 3 plugins.
Preloading 0 native plugins for Editor in 0.00 ms.
Unloading 2121 Unused Serialized files (Serialized files now loaded: 0)
System memory in use before: 98.2 MB.
System memory in use after: 98.4 MB.

Unloading 16 unused Assets to reduce memory usage. Loaded Objects now: 2656.
Total: 2.093200 ms (FindLiveObjects: 0.185200 ms CreateObjectMapping: 0.076500 ms MarkObjects: 1.814400 ms  DeleteObjects: 0.016100 ms)

========================================================================
Received Prepare
Registering precompiled user dll's ...
Registered in 0.002151 seconds.
Begin MonoManager ReloadAssembly
Native extension for WindowsStandalone target not found
Native extension for WebGL target not found
Refreshing native plugins compatible for Editor in 0.46 ms, found 3 plugins.
Preloading 0 native plugins for Editor in 0.00 ms.
Mono: successfully reloaded assembly
- Completed reload, in  0.899 seconds
Platform modules already initialized, skipping
Refreshing native plugins compatible for Editor in 0.43 ms, found 3 plugins.
Preloading 0 native plugins for Editor in 0.00 ms.
Unloading 2121 Unused Serialized files (Serialized files now loaded: 0)
System memory in use before: 98.2 MB.
System memory in use after: 98.4 MB.

Unloading 16 unused Assets to reduce memory usage. Loaded Objects now: 2660.
Total: 2.040400 ms (FindLiveObjects: 0.192100 ms CreateObjectMapping: 0.074900 ms MarkObjects: 1.756200 ms  DeleteObjects: 0.016200 ms)

========================================================================
Received Import Request.
  Time since last request: 642.771389 seconds.
  path: Assets/Sprites/Items/Background.png
  artifactKey: Guid(3873fb1ef546e3d4c892d41c4d2f7890) Importer(815301076,1909f56bfc062723c751e8b465ee728b)
Start importing Assets/Sprites/Items/Background.png using Guid(3873fb1ef546e3d4c892d41c4d2f7890) Importer(815301076,1909f56bfc062723c751e8b465ee728b)  -> (artifact id: '1f5337e8e6887d71867cfb439f61e99d') in 0.063450 seconds
  Import took 0.068071 seconds .

========================================================================
Received Import Request.
  Time since last request: 0.000262 seconds.
  path: Assets/Sprites/Items/분침.png
  artifactKey: Guid(8a26c9d6c416d334ab6c97bc3e3b0e36) Importer(815301076,1909f56bfc062723c751e8b465ee728b)
Start importing Assets/Sprites/Items/분침.png using Guid(8a26c9d6c416d334ab6c97bc3e3b0e36) Importer(815301076,1909f56bfc062723c751e8b465ee728b)  -> (artifact id: '1b4c46c46bfe4ca59cb1121c7911f234') in 0.026849 seconds
  Import took 0.030485 seconds .

========================================================================
Received Import Request.
  Time since last request: 0.000187 seconds.
  path: Assets/Sprites/Items/Bubble.png
  artifactKey: Guid(5b20848528758fa4da48f87cc5ac3a41) Importer(815301076,1909f56bfc062723c751e8b465ee728b)
Start importing Assets/Sprites/Items/Bubble.png using Guid(5b20848528758fa4da48f87cc5ac3a41) Importer(815301076,1909f56bfc062723c751e8b465ee728b)  -> (artifact id: 'f389a721af21b47ded79c00aa77f4698') in 0.012863 seconds
  Import took 0.016118 seconds .

========================================================================
Received Import Request.
  Time since last request: 0.000225 seconds.
  path: Assets/Sprites/Items/Square.png
  artifactKey: Guid(4d2af8521ed07a2478df07aaaeca93e3) Importer(815301076,1909f56bfc062723c751e8b465ee728b)
Start importing Assets/Sprites/Items/Square.png using Guid(4d2af8521ed07a2478df07aaaeca93e3) Importer(815301076,1909f56bfc062723c751e8b465ee728b)  -> (artifact id: '08529450064160108f0d896eaa1b7227') in 0.013654 seconds
  Import took 0.017798 seconds .

========================================================================
Received Import Request.
  Time since last request: 0.000240 seconds.
  path: Assets/Sprites/Items/RandomItem.png
  artifactKey: Guid(2c0e826895e50fc4ab26567894bb5e0d) Importer(815301076,1909f56bfc062723c751e8b465ee728b)
Start importing Assets/Sprites/Items/RandomItem.png using Guid(2c0e826895e50fc4ab26567894bb5e0d) Importer(815301076,1909f56bfc062723c751e8b465ee728b)  -> (artifact id: '942ae0876f676503e43efbbdeeed3da4') in 0.014038 seconds
  Import took 0.018063 seconds .

========================================================================
Received Import Request.
  Time since last request: 0.000166 seconds.
  path: Assets/Sprites/Items/Bubble_Icon.png
  artifactKey: Guid(485941730b704a5479010dde2c3176eb) Importer(815301076,1909f56bfc062723c751e8b465ee728b)
Start importing Assets/Sprites/Items/Bubble_Icon.png using Guid(485941730b704a5479010dde2c3176eb) Importer(815301076,1909f56bfc062723c751e8b465ee728b)  -> (artifact id: 'c97544b3e0f138e21145b90ee65f0c68') in 0.012559 seconds
  Import took 0.016240 seconds .

========================================================================
Received Import Request.
  Time since last request: 0.000222 seconds.
  path: Assets/Sprites/Items/자산 1@2x.png
  artifactKey: Guid(fc49dfc47bfe1794396e424958dac180) Importer(815301076,1909f56bfc062723c751e8b465ee728b)
Start importing Assets/Sprites/Items/자산 1@2x.png using Guid(fc49dfc47bfe1794396e424958dac180) Importer(815301076,1909f56bfc062723c751e8b465ee728b)  -> (artifact id: 'd46425f343472c6bd56ceaa80ee01420') in 0.013376 seconds
  Import took 0.017376 seconds .

========================================================================
Received Import Request.
  Time since last request: 0.434906 seconds.
  path: Assets/Sprites/Player/Player_Bullet.png
  artifactKey: Guid(0720a1332eb8b4f409e18ad76e100a67) Importer(815301076,1909f56bfc062723c751e8b465ee728b)
Start importing Assets/Sprites/Player/Player_Bullet.png using Guid(0720a1332eb8b4f409e18ad76e100a67) Importer(815301076,1909f56bfc062723c751e8b465ee728b)  -> (artifact id: '9114c44b1becf0ee5523410a6b8afadf') in 0.012591 seconds
  Import took 0.015946 seconds .

========================================================================
Received Import Request.
  Time since last request: 0.000267 seconds.
  path: Assets/Sprites/Player/Player_idle.png
  artifactKey: Guid(468da9d0e505a1b4ea1191634bb2df2f) Importer(815301076,1909f56bfc062723c751e8b465ee728b)
Start importing Assets/Sprites/Player/Player_idle.png using Guid(468da9d0e505a1b4ea1191634bb2df2f) Importer(815301076,1909f56bfc062723c751e8b465ee728b)  -> (artifact id: '0c275d1d6e1704e0255ce13ee383ea0c') in 0.013322 seconds
  Import took 0.016611 seconds .

========================================================================
Received Import Request.
  Time since last request: 0.007017 seconds.
  path: Assets/Sprites/Player/Player_idle.png
  artifactKey: Guid(468da9d0e505a1b4ea1191634bb2df2f) Importer(815301076,1909f56bfc062723c751e8b465ee728b)
Start importing Assets/Sprites/Player/Player_idle.png using Guid(468da9d0e505a1b4ea1191634bb2df2f) Importer(815301076,1909f56bfc062723c751e8b465ee728b)  -> (artifact id: '0c275d1d6e1704e0255ce13ee383ea0c') in 0.014384 seconds
  Import took 0.018478 seconds .

========================================================================
Received Import Request.
  Time since last request: 1.950912 seconds.
  path: Assets/Sprites/UI/Background.png
  artifactKey: Guid(28405e98df0aa5c4593d1c769aa19719) Importer(815301076,1909f56bfc062723c751e8b465ee728b)
Start importing Assets/Sprites/UI/Background.png using Guid(28405e98df0aa5c4593d1c769aa19719) Importer(815301076,1909f56bfc062723c751e8b465ee728b)  -> (artifact id: '05f937abd14b68e7d679f5aac33cfba8') in 0.011280 seconds
  Import took 0.014655 seconds .

========================================================================
Received Import Request.
  Time since last request: 0.000203 seconds.
  path: Assets/Sprites/UI/Ending_blood.png
  artifactKey: Guid(a413e8293f6960b449f69b493d645cd3) Importer(815301076,1909f56bfc062723c751e8b465ee728b)
Start importing Assets/Sprites/UI/Ending_blood.png using Guid(a413e8293f6960b449f69b493d645cd3) Importer(815301076,1909f56bfc062723c751e8b465ee728b)  -> (artifact id: 'b7d11931c2cdee04e2ada5ffd093676c') in 0.014631 seconds
  Import took 0.017930 seconds .

========================================================================
Received Import Request.
  Time since last request: 0.000243 seconds.
  path: Assets/Sprites/UI/Ending_monitor.png
  artifactKey: Guid(022e5b6a97e7dfa4eacd22be120e1e99) Importer(815301076,1909f56bfc062723c751e8b465ee728b)
Start importing Assets/Sprites/UI/Ending_monitor.png using Guid(022e5b6a97e7dfa4eacd22be120e1e99) Importer(815301076,1909f56bfc062723c751e8b465ee728b)  -> (artifact id: 'f5bf1a80b0d7d95a5ffcaa4fa7630459') in 0.014226 seconds
  Import took 0.019203 seconds .

========================================================================
Received Import Request.
  Time since last request: 0.000201 seconds.
  path: Assets/Sprites/UI/Exit.png
  artifactKey: Guid(2446f0e2dc3cb1d42a9ad4c070fccc17) Importer(815301076,1909f56bfc062723c751e8b465ee728b)
Start importing Assets/Sprites/UI/Exit.png using Guid(2446f0e2dc3cb1d42a9ad4c070fccc17) Importer(815301076,1909f56bfc062723c751e8b465ee728b)  -> (artifact id: '2689ca3d20a8cc3fafaf644949626798') in 0.013462 seconds
  Import took 0.017143 seconds .

========================================================================
Received Import Request.
  Time since last request: 0.000179 seconds.
  path: Assets/Sprites/UI/Start.png
  artifactKey: Guid(a62e6264c24128a46aab8b63f731c2c9) Importer(815301076,1909f56bfc062723c751e8b465ee728b)
Start importing Assets/Sprites/UI/Start.png using Guid(a62e6264c24128a46aab8b63f731c2c9) Importer(815301076,1909f56bfc062723c751e8b465ee728b)  -> (artifact id: '1a7495a4808f3ef223911611cf97ec77') in 0.016217 seconds
  Import took 0.020958 seconds .

========================================================================
Received Import Request.
  Time since last request: 0.000195 seconds.
  path: Assets/Sprites/UI/Set.png
  artifactKey: Guid(664b17913e18e1e44b1256d48f80d970) Importer(815301076,1909f56bfc062723c751e8b465ee728b)
Start importing Assets/Sprites/UI/Set.png using Guid(664b17913e18e1e44b1256d48f80d970) Importer(815301076,1909f56bfc062723c751e8b465ee728b)  -> (artifact id: '4b56546b490ed42ba7f7be3e71cafaae') in 0.018011 seconds
  Import took 0.021583 seconds .

========================================================================
Received Import Request.
  Time since last request: 0.000183 seconds.
  path: Assets/Sprites/UI/Pill 2.png
  artifactKey: Guid(f3af9f07ff61cd94f8fc64a5ba41c670) Importer(815301076,1909f56bfc062723c751e8b465ee728b)
Start importing Assets/Sprites/UI/Pill 2.png using Guid(f3af9f07ff61cd94f8fc64a5ba41c670) Importer(815301076,1909f56bfc062723c751e8b465ee728b)  -> (artifact id: '2b8e18f729bc5e1c3ed4b48674444b61') in 0.013052 seconds
  Import took 0.016203 seconds .

========================================================================
Received Import Request.
  Time since last request: 0.000184 seconds.
  path: Assets/Sprites/UI/rstart.png
  artifactKey: Guid(4406e463feda93d4a9d59717ed5b1548) Importer(815301076,1909f56bfc062723c751e8b465ee728b)
Start importing Assets/Sprites/UI/rstart.png using Guid(4406e463feda93d4a9d59717ed5b1548) Importer(815301076,1909f56bfc062723c751e8b465ee728b)  -> (artifact id: 'a719488f2dd9a9761d179844eafd6a94') in 0.013191 seconds
  Import took 0.016854 seconds .

========================================================================
Received Import Request.
  Time since last request: 0.000214 seconds.
  path: Assets/Sprites/UI/Pill 1.png
  artifactKey: Guid(7cc5f898f71082240bca35ab5e93c7e0) Importer(815301076,1909f56bfc062723c751e8b465ee728b)
Start importing Assets/Sprites/UI/Pill 1.png using Guid(7cc5f898f71082240bca35ab5e93c7e0) Importer(815301076,1909f56bfc062723c751e8b465ee728b)  -> (artifact id: '7694b496c76f6597b089816f4c6caace') in 0.013492 seconds
  Import took 0.016631 seconds .

========================================================================
Received Import Request.
  Time since last request: 0.000151 seconds.
  path: Assets/Sprites/UI/Pause.png
  artifactKey: Guid(d5ad2ca6f153fc24d8fcc01e737b3400) Importer(815301076,1909f56bfc062723c751e8b465ee728b)
Start importing Assets/Sprites/UI/Pause.png using Guid(d5ad2ca6f153fc24d8fcc01e737b3400) Importer(815301076,1909f56bfc062723c751e8b465ee728b)  -> (artifact id: '232d3acf1496a9b0d194504779f56445') in 0.013185 seconds
  Import took 0.016534 seconds .

========================================================================
Received Import Request.
  Time since last request: 1.394618 seconds.
  path: Assets/Prefabs/Boss.prefab
  artifactKey: Guid(2fd2b5635d73b984a9a8318ef840fb54) Importer(815301076,1909f56bfc062723c751e8b465ee728b)
Start importing Assets/Prefabs/Boss.prefab using Guid(2fd2b5635d73b984a9a8318ef840fb54) Importer(815301076,1909f56bfc062723c751e8b465ee728b)  -> (artifact id: '8dba3b8e0f3079598bf07e81b28dc812') in 0.026528 seconds
  Import took 0.030202 seconds .

========================================================================
Received Prepare
Registering precompiled user dll's ...
Registered in 0.002389 seconds.
Begin MonoManager ReloadAssembly
Native extension for WindowsStandalone target not found
Native extension for WebGL target not found
Refreshing native plugins compatible for Editor in 0.45 ms, found 3 plugins.
Preloading 0 native plugins for Editor in 0.00 ms.
Mono: successfully reloaded assembly
- Completed reload, in  0.868 seconds
Platform modules already initialized, skipping
Refreshing native plugins compatible for Editor in 0.44 ms, found 3 plugins.
Preloading 0 native plugins for Editor in 0.00 ms.
Unloading 2121 Unused Serialized files (Serialized files now loaded: 0)
System memory in use before: 98.2 MB.
System memory in use after: 98.4 MB.

Unloading 16 unused Assets to reduce memory usage. Loaded Objects now: 2667.
Total: 1.970700 ms (FindLiveObjects: 0.220700 ms CreateObjectMapping: 0.089600 ms MarkObjects: 1.643100 ms  DeleteObjects: 0.016100 ms)

========================================================================
Received Import Request.
  Time since last request: 45.654213 seconds.
  path: Assets/Prefabs/Boss.prefab
  artifactKey: Guid(2fd2b5635d73b984a9a8318ef840fb54) Importer(815301076,1909f56bfc062723c751e8b465ee728b)
Start importing Assets/Prefabs/Boss.prefab using Guid(2fd2b5635d73b984a9a8318ef840fb54) Importer(815301076,1909f56bfc062723c751e8b465ee728b)  -> (artifact id: '29e7d48e7863078fb7fe2692a4777dc9') in 0.045837 seconds
  Import took 0.048812 seconds .

========================================================================
Received Prepare
Registering precompiled user dll's ...
Registered in 0.002259 seconds.
Begin MonoManager ReloadAssembly
Native extension for WindowsStandalone target not found
Native extension for WebGL target not found
Refreshing native plugins compatible for Editor in 0.60 ms, found 3 plugins.
Preloading 0 native plugins for Editor in 0.00 ms.
Mono: successfully reloaded assembly
- Completed reload, in  1.054 seconds
Platform modules already initialized, skipping
Refreshing native plugins compatible for Editor in 0.58 ms, found 3 plugins.
Preloading 0 native plugins for Editor in 0.00 ms.
Unloading 2121 Unused Serialized files (Serialized files now loaded: 0)
System memory in use before: 98.3 MB.
System memory in use after: 98.4 MB.

Unloading 16 unused Assets to reduce memory usage. Loaded Objects now: 2672.
Total: 2.405800 ms (FindLiveObjects: 0.271400 ms CreateObjectMapping: 0.091000 ms MarkObjects: 2.023200 ms  DeleteObjects: 0.018500 ms)

========================================================================
Received Import Request.
  Time since last request: 27.948079 seconds.
  path: Assets/Prefabs/Boss.prefab
  artifactKey: Guid(2fd2b5635d73b984a9a8318ef840fb54) Importer(815301076,1909f56bfc062723c751e8b465ee728b)
Start importing Assets/Prefabs/Boss.prefab using Guid(2fd2b5635d73b984a9a8318ef840fb54) Importer(815301076,1909f56bfc062723c751e8b465ee728b)  -> (artifact id: '1f98d4c6dbfd24f17049d94575608274') in 0.056226 seconds
  Import took 0.059728 seconds .

========================================================================
Received Prepare
Registering precompiled user dll's ...
Registered in 0.002147 seconds.
Begin MonoManager ReloadAssembly
Native extension for WindowsStandalone target not found
Native extension for WebGL target not found
Refreshing native plugins compatible for Editor in 0.43 ms, found 3 plugins.
Preloading 0 native plugins for Editor in 0.00 ms.
Mono: successfully reloaded assembly
- Completed reload, in  0.852 seconds
Platform modules already initialized, skipping
Refreshing native plugins compatible for Editor in 0.51 ms, found 3 plugins.
Preloading 0 native plugins for Editor in 0.00 ms.
Unloading 2121 Unused Serialized files (Serialized files now loaded: 0)
System memory in use before: 98.3 MB.
System memory in use after: 98.4 MB.

Unloading 16 unused Assets to reduce memory usage. Loaded Objects now: 2677.
Total: 2.030300 ms (FindLiveObjects: 0.211700 ms CreateObjectMapping: 0.095100 ms MarkObjects: 1.706100 ms  DeleteObjects: 0.016400 ms)

========================================================================
Received Prepare
Registering precompiled user dll's ...
Registered in 0.002526 seconds.
Begin MonoManager ReloadAssembly
Native extension for WindowsStandalone target not found
Native extension for WebGL target not found
Refreshing native plugins compatible for Editor in 0.72 ms, found 3 plugins.
Preloading 0 native plugins for Editor in 0.00 ms.
Mono: successfully reloaded assembly
- Completed reload, in  1.049 seconds
Platform modules already initialized, skipping
Refreshing native plugins compatible for Editor in 0.47 ms, found 3 plugins.
Preloading 0 native plugins for Editor in 0.00 ms.
Unloading 2121 Unused Serialized files (Serialized files now loaded: 0)
System memory in use before: 98.3 MB.
System memory in use after: 98.4 MB.

Unloading 16 unused Assets to reduce memory usage. Loaded Objects now: 2681.
Total: 2.259900 ms (FindLiveObjects: 0.192800 ms CreateObjectMapping: 0.076800 ms MarkObjects: 1.971300 ms  DeleteObjects: 0.017400 ms)

========================================================================
Received Prepare
Registering precompiled user dll's ...
Registered in 0.002334 seconds.
Begin MonoManager ReloadAssembly
Native extension for WindowsStandalone target not found
Native extension for WebGL target not found
Refreshing native plugins compatible for Editor in 0.68 ms, found 3 plugins.
Preloading 0 native plugins for Editor in 0.00 ms.
Mono: successfully reloaded assembly
- Completed reload, in  0.909 seconds
Platform modules already initialized, skipping
Refreshing native plugins compatible for Editor in 0.49 ms, found 3 plugins.
Preloading 0 native plugins for Editor in 0.00 ms.
Unloading 2121 Unused Serialized files (Serialized files now loaded: 0)
System memory in use before: 98.3 MB.
System memory in use after: 98.4 MB.

Unloading 16 unused Assets to reduce memory usage. Loaded Objects now: 2685.
Total: 2.036400 ms (FindLiveObjects: 0.190200 ms CreateObjectMapping: 0.086400 ms MarkObjects: 1.742500 ms  DeleteObjects: 0.016400 ms)

========================================================================
Received Prepare
Registering precompiled user dll's ...
Registered in 0.002130 seconds.
Begin MonoManager ReloadAssembly
Native extension for WindowsStandalone target not found
Native extension for WebGL target not found
Refreshing native plugins compatible for Editor in 0.43 ms, found 3 plugins.
Preloading 0 native plugins for Editor in 0.00 ms.
Mono: successfully reloaded assembly
- Completed reload, in  0.853 seconds
Platform modules already initialized, skipping
Refreshing native plugins compatible for Editor in 0.44 ms, found 3 plugins.
Preloading 0 native plugins for Editor in 0.00 ms.
Unloading 2121 Unused Serialized files (Serialized files now loaded: 0)
System memory in use before: 98.3 MB.
System memory in use after: 98.4 MB.

Unloading 16 unused Assets to reduce memory usage. Loaded Objects now: 2689.
Total: 1.903700 ms (FindLiveObjects: 0.222200 ms CreateObjectMapping: 0.088700 ms MarkObjects: 1.577200 ms  DeleteObjects: 0.014600 ms)

========================================================================
Received Prepare
Registering precompiled user dll's ...
Registered in 0.002194 seconds.
Begin MonoManager ReloadAssembly
Native extension for WindowsStandalone target not found
Native extension for WebGL target not found
Refreshing native plugins compatible for Editor in 0.43 ms, found 3 plugins.
Preloading 0 native plugins for Editor in 0.00 ms.
Mono: successfully reloaded assembly
- Completed reload, in  0.861 seconds
Platform modules already initialized, skipping
Refreshing native plugins compatible for Editor in 0.44 ms, found 3 plugins.
Preloading 0 native plugins for Editor in 0.00 ms.
Unloading 2121 Unused Serialized files (Serialized files now loaded: 0)
System memory in use before: 98.3 MB.
System memory in use after: 98.4 MB.

Unloading 16 unused Assets to reduce memory usage. Loaded Objects now: 2693.
Total: 1.982200 ms (FindLiveObjects: 0.186100 ms CreateObjectMapping: 0.077300 ms MarkObjects: 1.703200 ms  DeleteObjects: 0.014600 ms)

========================================================================
Received Prepare
Registering precompiled user dll's ...
Registered in 0.002183 seconds.
Begin MonoManager ReloadAssembly
Native extension for WindowsStandalone target not found
Native extension for WebGL target not found
Refreshing native plugins compatible for Editor in 0.42 ms, found 3 plugins.
Preloading 0 native plugins for Editor in 0.00 ms.
Mono: successfully reloaded assembly
- Completed reload, in  0.895 seconds
Platform modules already initialized, skipping
Refreshing native plugins compatible for Editor in 0.42 ms, found 3 plugins.
Preloading 0 native plugins for Editor in 0.00 ms.
Unloading 2121 Unused Serialized files (Serialized files now loaded: 0)
System memory in use before: 98.3 MB.
System memory in use after: 98.4 MB.

Unloading 16 unused Assets to reduce memory usage. Loaded Objects now: 2697.
Total: 2.152300 ms (FindLiveObjects: 0.190600 ms CreateObjectMapping: 0.073300 ms MarkObjects: 1.871900 ms  DeleteObjects: 0.015500 ms)

========================================================================
Received Import Request.
  Time since last request: 220.549360 seconds.
  path: Assets/Prefabs/Boss.prefab
  artifactKey: Guid(2fd2b5635d73b984a9a8318ef840fb54) Importer(815301076,1909f56bfc062723c751e8b465ee728b)
Start importing Assets/Prefabs/Boss.prefab using Guid(2fd2b5635d73b984a9a8318ef840fb54) Importer(815301076,1909f56bfc062723c751e8b465ee728b)  -> (artifact id: 'db5fb4ec4267b6538ab9a42b0787b4bf') in 0.059390 seconds
  Import took 0.063546 seconds .

========================================================================
Received Import Request.
  Time since last request: 7.757983 seconds.
  path: Assets/Prefabs/Boss.prefab
  artifactKey: Guid(2fd2b5635d73b984a9a8318ef840fb54) Importer(815301076,1909f56bfc062723c751e8b465ee728b)
Start importing Assets/Prefabs/Boss.prefab using Guid(2fd2b5635d73b984a9a8318ef840fb54) Importer(815301076,1909f56bfc062723c751e8b465ee728b)  -> (artifact id: 'b1396547a7721d8353c8e528a1a0f819') in 0.008812 seconds
  Import took 0.013226 seconds .

========================================================================
Received Import Request.
  Time since last request: 10.302238 seconds.
  path: Assets/Prefabs/Boss.prefab
  artifactKey: Guid(2fd2b5635d73b984a9a8318ef840fb54) Importer(815301076,1909f56bfc062723c751e8b465ee728b)
Start importing Assets/Prefabs/Boss.prefab using Guid(2fd2b5635d73b984a9a8318ef840fb54) Importer(815301076,1909f56bfc062723c751e8b465ee728b)  -> (artifact id: 'd15a7b1bf1e64c46da3b49020e70852d') in 0.008787 seconds
  Import took 0.012235 seconds .

========================================================================
Received Import Request.
  Time since last request: 1.787431 seconds.
  path: Assets/Prefabs/Boss.prefab
  artifactKey: Guid(2fd2b5635d73b984a9a8318ef840fb54) Importer(815301076,1909f56bfc062723c751e8b465ee728b)
Start importing Assets/Prefabs/Boss.prefab using Guid(2fd2b5635d73b984a9a8318ef840fb54) Importer(815301076,1909f56bfc062723c751e8b465ee728b)  -> (artifact id: '0595b56e2a26c9b6aa6a3bb39ca9f381') in 0.015689 seconds
  Import took 0.019571 seconds .

========================================================================
Received Import Request.
  Time since last request: 11.829178 seconds.
  path: Assets/Prefabs/Boss.prefab
  artifactKey: Guid(2fd2b5635d73b984a9a8318ef840fb54) Importer(815301076,1909f56bfc062723c751e8b465ee728b)
Start importing Assets/Prefabs/Boss.prefab using Guid(2fd2b5635d73b984a9a8318ef840fb54) Importer(815301076,1909f56bfc062723c751e8b465ee728b)  -> (artifact id: '59975eee473917495130f538203b5cca') in 0.011713 seconds
  Import took 0.015896 seconds .

========================================================================
Received Import Request.
  Time since last request: 25.649255 seconds.
  path: Assets/Prefabs/Boss.prefab
  artifactKey: Guid(2fd2b5635d73b984a9a8318ef840fb54) Importer(815301076,1909f56bfc062723c751e8b465ee728b)
Start importing Assets/Prefabs/Boss.prefab using Guid(2fd2b5635d73b984a9a8318ef840fb54) Importer(815301076,1909f56bfc062723c751e8b465ee728b)  -> (artifact id: 'd812dece5ebcbf762a1270eeb151a562') in 0.008177 seconds
  Import took 0.011990 seconds .

========================================================================
Received Prepare
Registering precompiled user dll's ...
Registered in 0.002431 seconds.
Begin MonoManager ReloadAssembly
Native extension for WindowsStandalone target not found
Native extension for WebGL target not found
Refreshing native plugins compatible for Editor in 0.42 ms, found 3 plugins.
Preloading 0 native plugins for Editor in 0.00 ms.
Mono: successfully reloaded assembly
- Completed reload, in  0.871 seconds
Platform modules already initialized, skipping
Refreshing native plugins compatible for Editor in 0.43 ms, found 3 plugins.
Preloading 0 native plugins for Editor in 0.00 ms.
Unloading 2121 Unused Serialized files (Serialized files now loaded: 0)
System memory in use before: 98.3 MB.
System memory in use after: 98.4 MB.

Unloading 16 unused Assets to reduce memory usage. Loaded Objects now: 2702.
Total: 1.858000 ms (FindLiveObjects: 0.184000 ms CreateObjectMapping: 0.068600 ms MarkObjects: 1.591400 ms  DeleteObjects: 0.013300 ms)

========================================================================
Received Prepare
Registering precompiled user dll's ...
Registered in 0.002292 seconds.
Begin MonoManager ReloadAssembly
Native extension for WindowsStandalone target not found
Native extension for WebGL target not found
Refreshing native plugins compatible for Editor in 0.50 ms, found 3 plugins.
Preloading 0 native plugins for Editor in 0.00 ms.
Mono: successfully reloaded assembly
- Completed reload, in  0.904 seconds
Platform modules already initialized, skipping
Refreshing native plugins compatible for Editor in 0.48 ms, found 3 plugins.
Preloading 0 native plugins for Editor in 0.00 ms.
Unloading 2121 Unused Serialized files (Serialized files now loaded: 0)
System memory in use before: 98.3 MB.
System memory in use after: 98.5 MB.

Unloading 16 unused Assets to reduce memory usage. Loaded Objects now: 2706.
Total: 2.447800 ms (FindLiveObjects: 0.187500 ms CreateObjectMapping: 0.079400 ms MarkObjects: 2.160800 ms  DeleteObjects: 0.018700 ms)

========================================================================
Received Prepare
Registering precompiled user dll's ...
Registered in 0.002553 seconds.
Begin MonoManager ReloadAssembly
Native extension for WindowsStandalone target not found
Native extension for WebGL target not found
Refreshing native plugins compatible for Editor in 0.75 ms, found 3 plugins.
Preloading 0 native plugins for Editor in 0.00 ms.
Mono: successfully reloaded assembly
- Completed reload, in  0.936 seconds
Platform modules already initialized, skipping
Refreshing native plugins compatible for Editor in 0.58 ms, found 3 plugins.
Preloading 0 native plugins for Editor in 0.00 ms.
Unloading 2121 Unused Serialized files (Serialized files now loaded: 0)
System memory in use before: 98.3 MB.
System memory in use after: 98.5 MB.

Unloading 16 unused Assets to reduce memory usage. Loaded Objects now: 2710.
Total: 2.128300 ms (FindLiveObjects: 0.215300 ms CreateObjectMapping: 0.074000 ms MarkObjects: 1.802900 ms  DeleteObjects: 0.035200 ms)

========================================================================
Received Prepare
Registering precompiled user dll's ...
Registered in 0.002601 seconds.
Begin MonoManager ReloadAssembly
Native extension for WindowsStandalone target not found
Native extension for WebGL target not found
Refreshing native plugins compatible for Editor in 0.49 ms, found 3 plugins.
Preloading 0 native plugins for Editor in 0.00 ms.
Mono: successfully reloaded assembly
- Completed reload, in  0.890 seconds
Platform modules already initialized, skipping
Refreshing native plugins compatible for Editor in 0.47 ms, found 3 plugins.
Preloading 0 native plugins for Editor in 0.00 ms.
Unloading 2121 Unused Serialized files (Serialized files now loaded: 0)
System memory in use before: 98.4 MB.
System memory in use after: 98.6 MB.

Unloading 16 unused Assets to reduce memory usage. Loaded Objects now: 2714.
Total: 2.087500 ms (FindLiveObjects: 0.215800 ms CreateObjectMapping: 0.078100 ms MarkObjects: 1.775500 ms  DeleteObjects: 0.016800 ms)

========================================================================
Received Prepare
Registering precompiled user dll's ...
Registered in 0.002093 seconds.
Begin MonoManager ReloadAssembly
Native extension for WindowsStandalone target not found
Native extension for WebGL target not found
Refreshing native plugins compatible for Editor in 0.59 ms, found 3 plugins.
Preloading 0 native plugins for Editor in 0.00 ms.
Mono: successfully reloaded assembly
- Completed reload, in  1.004 seconds
Platform modules already initialized, skipping
Refreshing native plugins compatible for Editor in 0.44 ms, found 3 plugins.
Preloading 0 native plugins for Editor in 0.00 ms.
Unloading 2121 Unused Serialized files (Serialized files now loaded: 0)
System memory in use before: 98.5 MB.
System memory in use after: 98.6 MB.

Unloading 16 unused Assets to reduce memory usage. Loaded Objects now: 2718.
Total: 2.151800 ms (FindLiveObjects: 0.258700 ms CreateObjectMapping: 0.092500 ms MarkObjects: 1.776900 ms  DeleteObjects: 0.022500 ms)

========================================================================
Received Prepare
Registering precompiled user dll's ...
Registered in 0.002074 seconds.
Begin MonoManager ReloadAssembly
Native extension for WindowsStandalone target not found
Native extension for WebGL target not found
Refreshing native plugins compatible for Editor in 0.46 ms, found 3 plugins.
Preloading 0 native plugins for Editor in 0.00 ms.
Mono: successfully reloaded assembly
- Completed reload, in  0.887 seconds
Platform modules already initialized, skipping
Refreshing native plugins compatible for Editor in 0.48 ms, found 3 plugins.
Preloading 0 native plugins for Editor in 0.00 ms.
Unloading 2121 Unused Serialized files (Serialized files now loaded: 0)
System memory in use before: 98.5 MB.
System memory in use after: 98.7 MB.

Unloading 16 unused Assets to reduce memory usage. Loaded Objects now: 2722.
Total: 2.422600 ms (FindLiveObjects: 0.233500 ms CreateObjectMapping: 0.095900 ms MarkObjects: 2.069500 ms  DeleteObjects: 0.022200 ms)

========================================================================
Received Prepare
Registering precompiled user dll's ...
Registered in 0.002151 seconds.
Begin MonoManager ReloadAssembly
Native extension for WindowsStandalone target not found
Native extension for WebGL target not found
Refreshing native plugins compatible for Editor in 0.44 ms, found 3 plugins.
Preloading 0 native plugins for Editor in 0.00 ms.
Mono: successfully reloaded assembly
- Completed reload, in  0.902 seconds
Platform modules already initialized, skipping
Refreshing native plugins compatible for Editor in 0.44 ms, found 3 plugins.
Preloading 0 native plugins for Editor in 0.00 ms.
Unloading 2121 Unused Serialized files (Serialized files now loaded: 0)
System memory in use before: 98.5 MB.
System memory in use after: 98.7 MB.

Unloading 16 unused Assets to reduce memory usage. Loaded Objects now: 2726.
Total: 2.467400 ms (FindLiveObjects: 0.215100 ms CreateObjectMapping: 0.086400 ms MarkObjects: 2.144700 ms  DeleteObjects: 0.020200 ms)

========================================================================
Received Prepare
Registering precompiled user dll's ...
Registered in 0.002681 seconds.
Begin MonoManager ReloadAssembly
Native extension for WindowsStandalone target not found
Native extension for WebGL target not found
Refreshing native plugins compatible for Editor in 0.44 ms, found 3 plugins.
Preloading 0 native plugins for Editor in 0.00 ms.
Mono: successfully reloaded assembly
- Completed reload, in  0.919 seconds
Platform modules already initialized, skipping
Refreshing native plugins compatible for Editor in 0.79 ms, found 3 plugins.
Preloading 0 native plugins for Editor in 0.00 ms.
Unloading 2121 Unused Serialized files (Serialized files now loaded: 0)
System memory in use before: 98.5 MB.
System memory in use after: 98.7 MB.

Unloading 16 unused Assets to reduce memory usage. Loaded Objects now: 2730.
Total: 2.864500 ms (FindLiveObjects: 0.287200 ms CreateObjectMapping: 0.207200 ms MarkObjects: 2.351700 ms  DeleteObjects: 0.016900 ms)

========================================================================
Received Import Request.
  Time since last request: 161.924168 seconds.
  path: Assets/Prefabs/Boss.prefab
  artifactKey: Guid(2fd2b5635d73b984a9a8318ef840fb54) Importer(815301076,1909f56bfc062723c751e8b465ee728b)
Start importing Assets/Prefabs/Boss.prefab using Guid(2fd2b5635d73b984a9a8318ef840fb54) Importer(815301076,1909f56bfc062723c751e8b465ee728b)  -> (artifact id: 'cc87262e6d3c45dd4312021aa4b389f3') in 0.056676 seconds
  Import took 0.060039 seconds .

========================================================================
Received Import Request.
  Time since last request: 0.848075 seconds.
  path: Assets/Prefabs/Boss.prefab
  artifactKey: Guid(2fd2b5635d73b984a9a8318ef840fb54) Importer(815301076,1909f56bfc062723c751e8b465ee728b)
Start importing Assets/Prefabs/Boss.prefab using Guid(2fd2b5635d73b984a9a8318ef840fb54) Importer(815301076,1909f56bfc062723c751e8b465ee728b)  -> (artifact id: '4ccbf240932f9d0622006a453ee63110') in 0.009237 seconds
  Import took 0.013113 seconds .

========================================================================
Received Import Request.
  Time since last request: 0.009436 seconds.
  path: Assets/Prefabs/Boss.prefab
  artifactKey: Guid(2fd2b5635d73b984a9a8318ef840fb54) Importer(815301076,1909f56bfc062723c751e8b465ee728b)
Start importing Assets/Prefabs/Boss.prefab using Guid(2fd2b5635d73b984a9a8318ef840fb54) Importer(815301076,1909f56bfc062723c751e8b465ee728b)  -> (artifact id: '4ccbf240932f9d0622006a453ee63110') in 0.008671 seconds
  Import took 0.013009 seconds .

========================================================================
Received Import Request.
  Time since last request: 1.486124 seconds.
  path: Assets/Prefabs/Boss.prefab
  artifactKey: Guid(2fd2b5635d73b984a9a8318ef840fb54) Importer(815301076,1909f56bfc062723c751e8b465ee728b)
Start importing Assets/Prefabs/Boss.prefab using Guid(2fd2b5635d73b984a9a8318ef840fb54) Importer(815301076,1909f56bfc062723c751e8b465ee728b)  -> (artifact id: 'd9dff45f199463d3b3bd2d622931b7c2') in 0.008873 seconds
  Import took 0.013043 seconds .

========================================================================
Received Import Request.
  Time since last request: 22.802797 seconds.
  path: Assets/Prefabs/Boss.prefab
  artifactKey: Guid(2fd2b5635d73b984a9a8318ef840fb54) Importer(815301076,1909f56bfc062723c751e8b465ee728b)
Start importing Assets/Prefabs/Boss.prefab using Guid(2fd2b5635d73b984a9a8318ef840fb54) Importer(815301076,1909f56bfc062723c751e8b465ee728b)  -> (artifact id: '84abf89257e76f536affba01159df106') in 0.007911 seconds
  Import took 0.012300 seconds .

========================================================================
Received Prepare
Registering precompiled user dll's ...
Registered in 0.002076 seconds.
Begin MonoManager ReloadAssembly
Native extension for WindowsStandalone target not found
Native extension for WebGL target not found
Refreshing native plugins compatible for Editor in 0.43 ms, found 3 plugins.
Preloading 0 native plugins for Editor in 0.00 ms.
Mono: successfully reloaded assembly
- Completed reload, in  0.888 seconds
Platform modules already initialized, skipping
Refreshing native plugins compatible for Editor in 0.65 ms, found 3 plugins.
Preloading 0 native plugins for Editor in 0.00 ms.
Unloading 2121 Unused Serialized files (Serialized files now loaded: 0)
System memory in use before: 98.5 MB.
System memory in use after: 98.7 MB.

Unloading 16 unused Assets to reduce memory usage. Loaded Objects now: 2735.
Total: 2.084000 ms (FindLiveObjects: 0.222700 ms CreateObjectMapping: 0.084600 ms MarkObjects: 1.760300 ms  DeleteObjects: 0.015600 ms)

========================================================================
Received Prepare
Registering precompiled user dll's ...
Registered in 0.002339 seconds.
Begin MonoManager ReloadAssembly
Native extension for WindowsStandalone target not found
Native extension for WebGL target not found
Refreshing native plugins compatible for Editor in 0.43 ms, found 3 plugins.
Preloading 0 native plugins for Editor in 0.00 ms.
Mono: successfully reloaded assembly
- Completed reload, in  0.898 seconds
Platform modules already initialized, skipping
Refreshing native plugins compatible for Editor in 0.92 ms, found 3 plugins.
Preloading 0 native plugins for Editor in 0.00 ms.
Unloading 2121 Unused Serialized files (Serialized files now loaded: 0)
System memory in use before: 98.5 MB.
System memory in use after: 98.7 MB.

Unloading 16 unused Assets to reduce memory usage. Loaded Objects now: 2739.
Total: 2.186200 ms (FindLiveObjects: 0.257000 ms CreateObjectMapping: 0.081000 ms MarkObjects: 1.826700 ms  DeleteObjects: 0.020400 ms)

========================================================================
Received Import Request.
  Time since last request: 113.086290 seconds.
  path: Assets/Sprites/UI
  artifactKey: Guid(e8920b8c710498348ac39137e963ccd0) Importer(815301076,1909f56bfc062723c751e8b465ee728b)
Start importing Assets/Sprites/UI using Guid(e8920b8c710498348ac39137e963ccd0) Importer(815301076,1909f56bfc062723c751e8b465ee728b)  -> (artifact id: '18741fc0a9587d1dd9bfef21afd6bd96') in 0.018888 seconds
  Import took 0.022803 seconds .

========================================================================
Received Import Request.
  Time since last request: 23.188873 seconds.
  path: Assets/Scenes/Stage1Boss.unity
  artifactKey: Guid(907f0b285ab669e41a7ee5fd8da54ce4) Importer(815301076,1909f56bfc062723c751e8b465ee728b)
Start importing Assets/Scenes/Stage1Boss.unity using Guid(907f0b285ab669e41a7ee5fd8da54ce4) Importer(815301076,1909f56bfc062723c751e8b465ee728b)  -> (artifact id: 'eddb475895eb4465c41ca021239c47c1') in 0.009708 seconds
  Import took 0.013715 seconds .

========================================================================
Received Prepare
Registering precompiled user dll's ...
Registered in 0.002192 seconds.
Begin MonoManager ReloadAssembly
Native extension for WindowsStandalone target not found
Native extension for WebGL target not found
Refreshing native plugins compatible for Editor in 0.81 ms, found 3 plugins.
Preloading 0 native plugins for Editor in 0.00 ms.
Mono: successfully reloaded assembly
- Completed reload, in  0.968 seconds
Platform modules already initialized, skipping
Refreshing native plugins compatible for Editor in 0.42 ms, found 3 plugins.
Preloading 0 native plugins for Editor in 0.00 ms.
Unloading 2121 Unused Serialized files (Serialized files now loaded: 0)
System memory in use before: 98.5 MB.
System memory in use after: 98.8 MB.

Unloading 16 unused Assets to reduce memory usage. Loaded Objects now: 2743.
Total: 2.338100 ms (FindLiveObjects: 0.208300 ms CreateObjectMapping: 0.082500 ms MarkObjects: 2.022100 ms  DeleteObjects: 0.024400 ms)

========================================================================
Received Prepare
Registering precompiled user dll's ...
Registered in 0.002133 seconds.
Begin MonoManager ReloadAssembly
Native extension for WindowsStandalone target not found
Native extension for WebGL target not found
Refreshing native plugins compatible for Editor in 0.42 ms, found 3 plugins.
Preloading 0 native plugins for Editor in 0.00 ms.
Mono: successfully reloaded assembly
- Completed reload, in  0.897 seconds
Platform modules already initialized, skipping
Refreshing native plugins compatible for Editor in 0.44 ms, found 3 plugins.
Preloading 0 native plugins for Editor in 0.00 ms.
Unloading 2121 Unused Serialized files (Serialized files now loaded: 0)
System memory in use before: 98.5 MB.
System memory in use after: 98.8 MB.

Unloading 16 unused Assets to reduce memory usage. Loaded Objects now: 2747.
Total: 2.039100 ms (FindLiveObjects: 0.215700 ms CreateObjectMapping: 0.086500 ms MarkObjects: 1.719300 ms  DeleteObjects: 0.016800 ms)

========================================================================
Received Prepare
Registering precompiled user dll's ...
Registered in 0.002141 seconds.
Begin MonoManager ReloadAssembly
Native extension for WindowsStandalone target not found
Native extension for WebGL target not found
Refreshing native plugins compatible for Editor in 0.55 ms, found 3 plugins.
Preloading 0 native plugins for Editor in 0.00 ms.
Mono: successfully reloaded assembly
- Completed reload, in  0.883 seconds
Platform modules already initialized, skipping
Refreshing native plugins compatible for Editor in 0.47 ms, found 3 plugins.
Preloading 0 native plugins for Editor in 0.00 ms.
Unloading 2121 Unused Serialized files (Serialized files now loaded: 0)
System memory in use before: 98.6 MB.
System memory in use after: 98.8 MB.

Unloading 16 unused Assets to reduce memory usage. Loaded Objects now: 2751.
Total: 2.101500 ms (FindLiveObjects: 0.204900 ms CreateObjectMapping: 0.082600 ms MarkObjects: 1.797400 ms  DeleteObjects: 0.015700 ms)

========================================================================
Received Prepare
Registering precompiled user dll's ...
Registered in 0.002885 seconds.
Begin MonoManager ReloadAssembly
Native extension for WindowsStandalone target not found
Native extension for WebGL target not found
Refreshing native plugins compatible for Editor in 0.45 ms, found 3 plugins.
Preloading 0 native plugins for Editor in 0.00 ms.
Mono: successfully reloaded assembly
- Completed reload, in  0.917 seconds
Platform modules already initialized, skipping
Refreshing native plugins compatible for Editor in 0.47 ms, found 3 plugins.
Preloading 0 native plugins for Editor in 0.00 ms.
Unloading 2121 Unused Serialized files (Serialized files now loaded: 0)
System memory in use before: 98.6 MB.
System memory in use after: 98.8 MB.

Unloading 16 unused Assets to reduce memory usage. Loaded Objects now: 2755.
Total: 1.986300 ms (FindLiveObjects: 0.201700 ms CreateObjectMapping: 0.080800 ms MarkObjects: 1.686900 ms  DeleteObjects: 0.015700 ms)

========================================================================
Received Prepare
Registering precompiled user dll's ...
Registered in 0.002124 seconds.
Begin MonoManager ReloadAssembly
Native extension for WindowsStandalone target not found
Native extension for WebGL target not found
Refreshing native plugins compatible for Editor in 0.44 ms, found 3 plugins.
Preloading 0 native plugins for Editor in 0.00 ms.
Mono: successfully reloaded assembly
- Completed reload, in  1.056 seconds
Platform modules already initialized, skipping
Refreshing native plugins compatible for Editor in 0.48 ms, found 3 plugins.
Preloading 0 native plugins for Editor in 0.00 ms.
Unloading 2121 Unused Serialized files (Serialized files now loaded: 0)
System memory in use before: 98.6 MB.
System memory in use after: 98.8 MB.

Unloading 16 unused Assets to reduce memory usage. Loaded Objects now: 2759.
Total: 2.258800 ms (FindLiveObjects: 0.227800 ms CreateObjectMapping: 0.092400 ms MarkObjects: 1.921600 ms  DeleteObjects: 0.016200 ms)

========================================================================
Received Import Request.
  Time since last request: 473.070936 seconds.
  path: Assets/Scripts/GameMangaer.cs
  artifactKey: Guid(b4772b66d035e6046964317a1afd5722) Importer(815301076,1909f56bfc062723c751e8b465ee728b)
Start importing Assets/Scripts/GameMangaer.cs using Guid(b4772b66d035e6046964317a1afd5722) Importer(815301076,1909f56bfc062723c751e8b465ee728b)  -> (artifact id: '7493dc21ed1c8bdc12a7c1976ec90370') in 0.011607 seconds
  Import took 0.015091 seconds .

========================================================================
Received Import Request.
  Time since last request: 0.028747 seconds.
  path: Assets/Scripts/GameMangaer.cs
  artifactKey: Guid(b4772b66d035e6046964317a1afd5722) Importer(815301076,1909f56bfc062723c751e8b465ee728b)
Start importing Assets/Scripts/GameMangaer.cs using Guid(b4772b66d035e6046964317a1afd5722) Importer(815301076,1909f56bfc062723c751e8b465ee728b)  -> (artifact id: '7493dc21ed1c8bdc12a7c1976ec90370') in 0.002021 seconds
  Import took 0.006255 seconds .

========================================================================
Received Prepare
Registering precompiled user dll's ...
Registered in 0.002073 seconds.
Begin MonoManager ReloadAssembly
Native extension for WindowsStandalone target not found
Native extension for WebGL target not found
Refreshing native plugins compatible for Editor in 0.42 ms, found 3 plugins.
Preloading 0 native plugins for Editor in 0.00 ms.
Mono: successfully reloaded assembly
- Completed reload, in  0.861 seconds
Platform modules already initialized, skipping
Refreshing native plugins compatible for Editor in 0.42 ms, found 3 plugins.
Preloading 0 native plugins for Editor in 0.00 ms.
Unloading 2121 Unused Serialized files (Serialized files now loaded: 0)
System memory in use before: 98.6 MB.
System memory in use after: 98.8 MB.

Unloading 16 unused Assets to reduce memory usage. Loaded Objects now: 2763.
Total: 2.061700 ms (FindLiveObjects: 0.209800 ms CreateObjectMapping: 0.080700 ms MarkObjects: 1.751400 ms  DeleteObjects: 0.018900 ms)

========================================================================
Received Import Request.
  Time since last request: 21.502946 seconds.
  path: Assets/Scripts/GameMangaer.cs
  artifactKey: Guid(b4772b66d035e6046964317a1afd5722) Importer(815301076,1909f56bfc062723c751e8b465ee728b)
Start importing Assets/Scripts/GameMangaer.cs using Guid(b4772b66d035e6046964317a1afd5722) Importer(815301076,1909f56bfc062723c751e8b465ee728b)  -> (artifact id: 'b02e4a7f126b257412821e5923beeb31') in 0.004090 seconds
  Import took 0.007248 seconds .

========================================================================
Received Import Request.
  Time since last request: 0.033584 seconds.
  path: Assets/Scripts/GameMangaer.cs
  artifactKey: Guid(b4772b66d035e6046964317a1afd5722) Importer(815301076,1909f56bfc062723c751e8b465ee728b)
Start importing Assets/Scripts/GameMangaer.cs using Guid(b4772b66d035e6046964317a1afd5722) Importer(815301076,1909f56bfc062723c751e8b465ee728b)  -> (artifact id: 'b02e4a7f126b257412821e5923beeb31') in 0.001931 seconds
  Import took 0.005345 seconds .

========================================================================
Received Prepare
Registering precompiled user dll's ...
Registered in 0.002570 seconds.
Begin MonoManager ReloadAssembly
Native extension for WindowsStandalone target not found
Native extension for WebGL target not found
Refreshing native plugins compatible for Editor in 0.44 ms, found 3 plugins.
Preloading 0 native plugins for Editor in 0.00 ms.
Mono: successfully reloaded assembly
- Completed reload, in  1.116 seconds
Platform modules already initialized, skipping
Refreshing native plugins compatible for Editor in 0.49 ms, found 3 plugins.
Preloading 0 native plugins for Editor in 0.00 ms.
Unloading 2121 Unused Serialized files (Serialized files now loaded: 0)
System memory in use before: 98.6 MB.
System memory in use after: 98.8 MB.

Unloading 16 unused Assets to reduce memory usage. Loaded Objects now: 2767.
Total: 2.122300 ms (FindLiveObjects: 0.211100 ms CreateObjectMapping: 0.091400 ms MarkObjects: 1.801100 ms  DeleteObjects: 0.017900 ms)

=======
Refreshing native plugins compatible for Editor in 0.47 ms, found 3 plugins.
Preloading 0 native plugins for Editor in 0.00 ms.
Unloading 2145 Unused Serialized files (Serialized files now loaded: 0)
System memory in use before: 99.6 MB.
System memory in use after: 99.7 MB.

Unloading 28 unused Assets to reduce memory usage. Loaded Objects now: 2588.
Total: 2.453100 ms (FindLiveObjects: 0.277800 ms CreateObjectMapping: 0.124400 ms MarkObjects: 1.972300 ms  DeleteObjects: 0.077300 ms)

========================================================================
Received Import Request.
  path: Assets/Scripts/Bullet.cs
  artifactKey: Guid(93197216a7047c0468b7b30f766fc51d) Importer(815301076,1909f56bfc062723c751e8b465ee728b)
Start importing Assets/Scripts/Bullet.cs using Guid(93197216a7047c0468b7b30f766fc51d) Importer(815301076,1909f56bfc062723c751e8b465ee728b)  -> (artifact id: 'e9b90495cc3741babd8ba702909ea06d') in 0.044714 seconds
  Import took 0.048058 seconds .

>>>>>>> Stashed changes
AssetImportWorkerClient::OnTransportError - code=2 error=End of file
